Using pre-set license
Built from '2020.3/staging' branch; Version is '2020.3.17f1 (a4537701e4ab) revision 10769271'; Using compiler version '192528614'; Build Type 'Release'
OS: 'Windows 10 Home; OS build 19043.1165; Version 2009; 64bit' Language: 'fr' Physical Memory: 32699 MB
BatchMode: 1, IsHumanControllingUs: 0, StartBugReporterOnCrash: 0, Is64bit: 1, IsPro: 0

COMMAND LINE ARGUMENTS:
C:\Program Files\Unity\Hub\Editor\2020.3.17f1\Editor\Unity.exe
-adb2
-batchMode
-noUpm
-name
AssetImportWorker0
-projectPath
C:/Users/Xarang/Documents/GitHub/TowerDefense/TowerDefenseProject
-logFile
Logs/AssetImportWorker0.log
-srvPort
59466
Successfully changed project path to: C:/Users/Xarang/Documents/GitHub/TowerDefense/TowerDefenseProject
C:/Users/Xarang/Documents/GitHub/TowerDefense/TowerDefenseProject
Using Asset Import Pipeline V2.
Refreshing native plugins compatible for Editor in 51.23 ms, found 2 plugins.
Preloading 0 native plugins for Editor in 0.00 ms.
Initialize engine version: 2020.3.17f1 (a4537701e4ab)
[Subsystems] Discovering subsystems at path C:/Program Files/Unity/Hub/Editor/2020.3.17f1/Editor/Data/Resources/UnitySubsystems
[Subsystems] Discovering subsystems at path C:/Users/Xarang/Documents/GitHub/TowerDefense/TowerDefenseProject/Assets
GfxDevice: creating device client; threaded=0
Direct3D:
    Version:  Direct3D 11.0 [level 11.1]
    Renderer: NVIDIA GeForce RTX 2080 SUPER (ID=0x1e81)
    Vendor:   
    VRAM:     8010 MB
    Driver:   27.21.14.6079
Initialize mono
Mono path[0] = 'C:/Program Files/Unity/Hub/Editor/2020.3.17f1/Editor/Data/Managed'
Mono path[1] = 'C:/Program Files/Unity/Hub/Editor/2020.3.17f1/Editor/Data/MonoBleedingEdge/lib/mono/unityjit'
Mono config path = 'C:/Program Files/Unity/Hub/Editor/2020.3.17f1/Editor/Data/MonoBleedingEdge/etc'
Using monoOptions --debugger-agent=transport=dt_socket,embedding=1,server=y,suspend=n,address=127.0.0.1:56056
Begin MonoManager ReloadAssembly
Registering precompiled unity dll's ...
Register platform support module: C:/Program Files/Unity/Hub/Editor/2020.3.17f1/Editor/Data/PlaybackEngines/WindowsStandaloneSupport/UnityEditor.WindowsStandalone.Extensions.dll
Registered in 0.001635 seconds.
Native extension for WindowsStandalone target not found
Refreshing native plugins compatible for Editor in 42.17 ms, found 2 plugins.
Preloading 0 native plugins for Editor in 0.00 ms.
Mono: successfully reloaded assembly
- Completed reload, in  0.889 seconds
Domain Reload Profiling:
	ReloadAssembly (889ms)
		BeginReloadAssembly (45ms)
			ExecutionOrderSort (0ms)
			DisableScriptedObjects (0ms)
			BackupInstance (0ms)
			ReleaseScriptingObjects (0ms)
			CreateAndSetChildDomain (1ms)
		EndReloadAssembly (355ms)
			LoadAssemblies (43ms)
			RebuildTransferFunctionScriptingTraits (0ms)
			SetupTypeCache (122ms)
			ReleaseScriptCaches (0ms)
			RebuildScriptCaches (26ms)
			SetupLoadedEditorAssemblies (148ms)
				LogAssemblyErrors (0ms)
				InitializePlatformSupportModulesInManaged (3ms)
				SetLoadedEditorAssemblies (0ms)
				RefreshPlugins (42ms)
				BeforeProcessingInitializeOnLoad (13ms)
				ProcessInitializeOnLoadAttributes (66ms)
				ProcessInitializeOnLoadMethodAttributes (23ms)
				AfterProcessingInitializeOnLoad (0ms)
				EditorAssembliesLoaded (0ms)
			ExecutionOrderSort2 (0ms)
			AwakeInstancesAfterBackupRestoration (0ms)
Platform modules already initialized, skipping
Registering precompiled user dll's ...
Registered in 0.003570 seconds.
Begin MonoManager ReloadAssembly
Native extension for WindowsStandalone target not found
Refreshing native plugins compatible for Editor in 42.42 ms, found 2 plugins.
Preloading 0 native plugins for Editor in 0.00 ms.
Mono: successfully reloaded assembly
- Completed reload, in  1.000 seconds
Domain Reload Profiling:
	ReloadAssembly (1004ms)
		BeginReloadAssembly (119ms)
			ExecutionOrderSort (0ms)
			DisableScriptedObjects (4ms)
			BackupInstance (0ms)
			ReleaseScriptingObjects (0ms)
			CreateAndSetChildDomain (16ms)
		EndReloadAssembly (833ms)
			LoadAssemblies (75ms)
			RebuildTransferFunctionScriptingTraits (0ms)
			SetupTypeCache (261ms)
			ReleaseScriptCaches (0ms)
			RebuildScriptCaches (40ms)
			SetupLoadedEditorAssemblies (353ms)
				LogAssemblyErrors (0ms)
				InitializePlatformSupportModulesInManaged (3ms)
				SetLoadedEditorAssemblies (0ms)
				RefreshPlugins (42ms)
				BeforeProcessingInitializeOnLoad (74ms)
				ProcessInitializeOnLoadAttributes (224ms)
				ProcessInitializeOnLoadMethodAttributes (4ms)
				AfterProcessingInitializeOnLoad (6ms)
				EditorAssembliesLoaded (0ms)
			ExecutionOrderSort2 (0ms)
			AwakeInstancesAfterBackupRestoration (5ms)
Platform modules already initialized, skipping
========================================================================
Worker process is ready to serve import requests
Launched and connected shader compiler UnityShaderCompiler.exe after 0.03 seconds
Refreshing native plugins compatible for Editor in 0.44 ms, found 2 plugins.
Preloading 0 native plugins for Editor in 0.00 ms.
Unloading 2732 Unused Serialized files (Serialized files now loaded: 0)
System memory in use before: 125.6 MB.
System memory in use after: 125.8 MB.

Unloading 19 unused Assets to reduce memory usage. Loaded Objects now: 3166.
Total: 3.121500 ms (FindLiveObjects: 0.245800 ms CreateObjectMapping: 0.126000 ms MarkObjects: 2.671300 ms  DeleteObjects: 0.077200 ms)

AssetImportParameters requested are different than current active one (requested -> active):
  custom:framework-win-MediaFoundation: 216162199b28c13a410421893ffa2e32 -> 
  custom:video-decoder-ogg-theora: a1e56fd34408186e4bbccfd4996cb3dc -> 
  custom:container-muxer-webm: aa71ff27fc2769a1b78a27578f13a17b -> 
  custom:container-demuxer-webm: 4f35f7cbe854078d1ac9338744f61a02 -> 
  custom:container-demuxer-ogg: 62fdf1f143b41e24485cea50d1cbac27 -> 
  custom:video-encoder-webm-vp8: eb34c28f22e8b96e1ab97ce403110664 -> 
  custom:video-decoder-webm-vp8: 9c59270c3fd7afecdb556c50c9e8de78 -> 
  custom:audio-decoder-ogg-vorbis: bf7c407c2cedff20999df2af8eb42d56 -> 
  custom:audio-encoder-webm-vorbis: bf7c407c2cedff20999df2af8eb42d56 -> 
========================================================================
Received Import Request.
  path: Assets/Scripts/HealthBarController.cs
  artifactKey: Guid(cda514001a5c72c449fe060ac045e69b) Importer(815301076,1909f56bfc062723c751e8b465ee728b)
Start importing Assets/Scripts/HealthBarController.cs using Guid(cda514001a5c72c449fe060ac045e69b) Importer(815301076,1909f56bfc062723c751e8b465ee728b)  -> (artifact id: '9e97c3127f0180d2147679fe63dfbbbe') in 0.027257 seconds 
  Import took 0.031256 seconds .

========================================================================
Received Import Request.
  Time since last request: 0.007054 seconds.
  path: Assets/Scripts/HealthBarController.cs
  artifactKey: Guid(cda514001a5c72c449fe060ac045e69b) Importer(815301076,1909f56bfc062723c751e8b465ee728b)
Start importing Assets/Scripts/HealthBarController.cs using Guid(cda514001a5c72c449fe060ac045e69b) Importer(815301076,1909f56bfc062723c751e8b465ee728b)  -> (artifact id: '9e97c3127f0180d2147679fe63dfbbbe') in 0.001750 seconds 
  Import took 0.005608 seconds .

========================================================================
Received Import Request.
  Time since last request: 18.078379 seconds.
  path: Assets/Scripts/HealthBarController.cs
  artifactKey: Guid(cda514001a5c72c449fe060ac045e69b) Importer(815301076,1909f56bfc062723c751e8b465ee728b)
Start importing Assets/Scripts/HealthBarController.cs using Guid(cda514001a5c72c449fe060ac045e69b) Importer(815301076,1909f56bfc062723c751e8b465ee728b)  -> (artifact id: 'fde09d3c41516aeb66f2356a371ac1a2') in 0.001684 seconds 
  Import took 0.004988 seconds .

========================================================================
Received Import Request.
  Time since last request: 0.064409 seconds.
  path: Assets/Scripts/HealthBarController.cs
  artifactKey: Guid(cda514001a5c72c449fe060ac045e69b) Importer(815301076,1909f56bfc062723c751e8b465ee728b)
Start importing Assets/Scripts/HealthBarController.cs using Guid(cda514001a5c72c449fe060ac045e69b) Importer(815301076,1909f56bfc062723c751e8b465ee728b)  -> (artifact id: 'fde09d3c41516aeb66f2356a371ac1a2') in 0.001797 seconds 
  Import took 0.005447 seconds .

========================================================================
Received Import Request.
  Time since last request: 36.919482 seconds.
  path: Assets/Scripts/HealthBarController.cs
  artifactKey: Guid(cda514001a5c72c449fe060ac045e69b) Importer(815301076,1909f56bfc062723c751e8b465ee728b)
Start importing Assets/Scripts/HealthBarController.cs using Guid(cda514001a5c72c449fe060ac045e69b) Importer(815301076,1909f56bfc062723c751e8b465ee728b)  -> (artifact id: '3236ca817e7828b1b675541f8ddaac29') in 0.001942 seconds 
  Import took 0.005450 seconds .

========================================================================
Received Import Request.
  Time since last request: 0.002867 seconds.
  path: Assets/Scripts/HealthBarController.cs
  artifactKey: Guid(cda514001a5c72c449fe060ac045e69b) Importer(815301076,1909f56bfc062723c751e8b465ee728b)
Start importing Assets/Scripts/HealthBarController.cs using Guid(cda514001a5c72c449fe060ac045e69b) Importer(815301076,1909f56bfc062723c751e8b465ee728b)  -> (artifact id: '3236ca817e7828b1b675541f8ddaac29') in 0.001766 seconds 
  Import took 0.005375 seconds .

========================================================================
Received Import Request.
  Time since last request: 3.704780 seconds.
  path: Assets/Scripts/HealthBarController.cs
  artifactKey: Guid(cda514001a5c72c449fe060ac045e69b) Importer(815301076,1909f56bfc062723c751e8b465ee728b)
Start importing Assets/Scripts/HealthBarController.cs using Guid(cda514001a5c72c449fe060ac045e69b) Importer(815301076,1909f56bfc062723c751e8b465ee728b)  -> (artifact id: 'c094b8bf810b1eb1db983d90b9a7e67f') in 0.001826 seconds 
  Import took 0.005139 seconds .

========================================================================
Received Import Request.
  Time since last request: 0.031456 seconds.
  path: Assets/Scripts/HealthBarController.cs
  artifactKey: Guid(cda514001a5c72c449fe060ac045e69b) Importer(815301076,1909f56bfc062723c751e8b465ee728b)
Start importing Assets/Scripts/HealthBarController.cs using Guid(cda514001a5c72c449fe060ac045e69b) Importer(815301076,1909f56bfc062723c751e8b465ee728b)  -> (artifact id: 'c094b8bf810b1eb1db983d90b9a7e67f') in 0.002064 seconds 
  Import took 0.005892 seconds .

========================================================================
Received Import Request.
  Time since last request: 20.610552 seconds.
  path: Assets/Scripts/HealthBarController.cs
  artifactKey: Guid(cda514001a5c72c449fe060ac045e69b) Importer(815301076,1909f56bfc062723c751e8b465ee728b)
Start importing Assets/Scripts/HealthBarController.cs using Guid(cda514001a5c72c449fe060ac045e69b) Importer(815301076,1909f56bfc062723c751e8b465ee728b)  -> (artifact id: 'da2f0eff2d58804b76f10db1d63671d5') in 0.001899 seconds 
  Import took 0.005327 seconds .

========================================================================
Received Import Request.
  Time since last request: 0.001925 seconds.
  path: Assets/Scripts/HealthBarController.cs
  artifactKey: Guid(cda514001a5c72c449fe060ac045e69b) Importer(815301076,1909f56bfc062723c751e8b465ee728b)
Start importing Assets/Scripts/HealthBarController.cs using Guid(cda514001a5c72c449fe060ac045e69b) Importer(815301076,1909f56bfc062723c751e8b465ee728b)  -> (artifact id: 'da2f0eff2d58804b76f10db1d63671d5') in 0.001852 seconds 
  Import took 0.005454 seconds .

========================================================================
Received Prepare
Registering precompiled user dll's ...
Registered in 0.003313 seconds.
Begin MonoManager ReloadAssembly
Native extension for WindowsStandalone target not found
Refreshing native plugins compatible for Editor in 0.44 ms, found 2 plugins.
Preloading 0 native plugins for Editor in 0.00 ms.
Mono: successfully reloaded assembly
- Completed reload, in  0.894 seconds
Domain Reload Profiling:
	ReloadAssembly (894ms)
		BeginReloadAssembly (98ms)
			ExecutionOrderSort (0ms)
			DisableScriptedObjects (4ms)
			BackupInstance (0ms)
			ReleaseScriptingObjects (0ms)
			CreateAndSetChildDomain (29ms)
		EndReloadAssembly (745ms)
			LoadAssemblies (71ms)
			RebuildTransferFunctionScriptingTraits (0ms)
			SetupTypeCache (248ms)
			ReleaseScriptCaches (1ms)
			RebuildScriptCaches (32ms)
			SetupLoadedEditorAssemblies (304ms)
				LogAssemblyErrors (0ms)
				InitializePlatformSupportModulesInManaged (3ms)
				SetLoadedEditorAssemblies (0ms)
				RefreshPlugins (0ms)
				BeforeProcessingInitializeOnLoad (69ms)
				ProcessInitializeOnLoadAttributes (222ms)
				ProcessInitializeOnLoadMethodAttributes (3ms)
				AfterProcessingInitializeOnLoad (6ms)
				EditorAssembliesLoaded (0ms)
			ExecutionOrderSort2 (0ms)
			AwakeInstancesAfterBackupRestoration (8ms)
Platform modules already initialized, skipping
Refreshing native plugins compatible for Editor in 0.45 ms, found 2 plugins.
Preloading 0 native plugins for Editor in 0.00 ms.
Unloading 2610 Unused Serialized files (Serialized files now loaded: 0)
System memory in use before: 117.2 MB.
System memory in use after: 117.4 MB.

Unloading 14 unused Assets to reduce memory usage. Loaded Objects now: 3168.
Total: 2.822900 ms (FindLiveObjects: 0.240600 ms CreateObjectMapping: 0.095500 ms MarkObjects: 2.467400 ms  DeleteObjects: 0.018400 ms)

AssetImportParameters requested are different than current active one (requested -> active):
  custom:framework-win-MediaFoundation: 216162199b28c13a410421893ffa2e32 -> 
  custom:video-decoder-ogg-theora: a1e56fd34408186e4bbccfd4996cb3dc -> 
  custom:container-muxer-webm: aa71ff27fc2769a1b78a27578f13a17b -> 
  custom:container-demuxer-webm: 4f35f7cbe854078d1ac9338744f61a02 -> 
  custom:container-demuxer-ogg: 62fdf1f143b41e24485cea50d1cbac27 -> 
  custom:video-encoder-webm-vp8: eb34c28f22e8b96e1ab97ce403110664 -> 
  custom:video-decoder-webm-vp8: 9c59270c3fd7afecdb556c50c9e8de78 -> 
  custom:audio-decoder-ogg-vorbis: bf7c407c2cedff20999df2af8eb42d56 -> 
  custom:audio-encoder-webm-vorbis: bf7c407c2cedff20999df2af8eb42d56 -> 
========================================================================
Received Import Request.
  Time since last request: 27.596608 seconds.
  path: Assets/Scripts/HealthBarController.cs
  artifactKey: Guid(cda514001a5c72c449fe060ac045e69b) Importer(815301076,1909f56bfc062723c751e8b465ee728b)
Start importing Assets/Scripts/HealthBarController.cs using Guid(cda514001a5c72c449fe060ac045e69b) Importer(815301076,1909f56bfc062723c751e8b465ee728b)  -> (artifact id: '05d90d37fb36219522d176a0b91c8c02') in 0.004537 seconds 
  Import took 0.008104 seconds .

========================================================================
Received Import Request.
  Time since last request: 3.675289 seconds.
  path: Assets/Scripts/HealthBarController.cs
  artifactKey: Guid(cda514001a5c72c449fe060ac045e69b) Importer(815301076,1909f56bfc062723c751e8b465ee728b)
Start importing Assets/Scripts/HealthBarController.cs using Guid(cda514001a5c72c449fe060ac045e69b) Importer(815301076,1909f56bfc062723c751e8b465ee728b)  -> (artifact id: '26de9db9dbe09b7269fe3f5a7e86267d') in 0.001769 seconds 
  Import took 0.005071 seconds .

========================================================================
Received Import Request.
  Time since last request: 8.895475 seconds.
  path: Assets/Scripts/HealthBarController.cs
  artifactKey: Guid(cda514001a5c72c449fe060ac045e69b) Importer(815301076,1909f56bfc062723c751e8b465ee728b)
Start importing Assets/Scripts/HealthBarController.cs using Guid(cda514001a5c72c449fe060ac045e69b) Importer(815301076,1909f56bfc062723c751e8b465ee728b)  -> (artifact id: '9c01c8b9951f4b3e4e8f22e6be3141ac') in 0.002060 seconds 
  Import took 0.005523 seconds .

========================================================================
Received Prepare
Registering precompiled user dll's ...
Registered in 0.003550 seconds.
Begin MonoManager ReloadAssembly
Native extension for WindowsStandalone target not found
Refreshing native plugins compatible for Editor in 0.45 ms, found 2 plugins.
Preloading 0 native plugins for Editor in 0.00 ms.
Mono: successfully reloaded assembly
- Completed reload, in  0.879 seconds
Domain Reload Profiling:
	ReloadAssembly (879ms)
		BeginReloadAssembly (88ms)
			ExecutionOrderSort (0ms)
			DisableScriptedObjects (4ms)
			BackupInstance (0ms)
			ReleaseScriptingObjects (0ms)
			CreateAndSetChildDomain (28ms)
		EndReloadAssembly (739ms)
			LoadAssemblies (73ms)
			RebuildTransferFunctionScriptingTraits (0ms)
			SetupTypeCache (238ms)
			ReleaseScriptCaches (1ms)
			RebuildScriptCaches (34ms)
			SetupLoadedEditorAssemblies (303ms)
				LogAssemblyErrors (0ms)
				InitializePlatformSupportModulesInManaged (3ms)
				SetLoadedEditorAssemblies (0ms)
				RefreshPlugins (0ms)
				BeforeProcessingInitializeOnLoad (69ms)
				ProcessInitializeOnLoadAttributes (220ms)
				ProcessInitializeOnLoadMethodAttributes (4ms)
				AfterProcessingInitializeOnLoad (6ms)
				EditorAssembliesLoaded (0ms)
			ExecutionOrderSort2 (0ms)
			AwakeInstancesAfterBackupRestoration (8ms)
Platform modules already initialized, skipping
Refreshing native plugins compatible for Editor in 0.46 ms, found 2 plugins.
Preloading 0 native plugins for Editor in 0.00 ms.
Unloading 2610 Unused Serialized files (Serialized files now loaded: 0)
System memory in use before: 117.2 MB.
System memory in use after: 117.4 MB.

Unloading 14 unused Assets to reduce memory usage. Loaded Objects now: 3170.
Total: 3.080800 ms (FindLiveObjects: 0.238800 ms CreateObjectMapping: 0.101400 ms MarkObjects: 2.720000 ms  DeleteObjects: 0.019600 ms)

AssetImportParameters requested are different than current active one (requested -> active):
  custom:framework-win-MediaFoundation: 216162199b28c13a410421893ffa2e32 -> 
  custom:video-decoder-ogg-theora: a1e56fd34408186e4bbccfd4996cb3dc -> 
  custom:container-muxer-webm: aa71ff27fc2769a1b78a27578f13a17b -> 
  custom:container-demuxer-webm: 4f35f7cbe854078d1ac9338744f61a02 -> 
  custom:container-demuxer-ogg: 62fdf1f143b41e24485cea50d1cbac27 -> 
  custom:video-encoder-webm-vp8: eb34c28f22e8b96e1ab97ce403110664 -> 
  custom:video-decoder-webm-vp8: 9c59270c3fd7afecdb556c50c9e8de78 -> 
  custom:audio-decoder-ogg-vorbis: bf7c407c2cedff20999df2af8eb42d56 -> 
  custom:audio-encoder-webm-vorbis: bf7c407c2cedff20999df2af8eb42d56 -> 
========================================================================
Received Import Request.
  Time since last request: 22.099228 seconds.
  path: Assets/Scripts/HealthBarController.cs
  artifactKey: Guid(cda514001a5c72c449fe060ac045e69b) Importer(815301076,1909f56bfc062723c751e8b465ee728b)
Start importing Assets/Scripts/HealthBarController.cs using Guid(cda514001a5c72c449fe060ac045e69b) Importer(815301076,1909f56bfc062723c751e8b465ee728b)  -> (artifact id: '818ec933e2bb525f23170a007acf49dd') in 0.004271 seconds 
  Import took 0.008073 seconds .

========================================================================
Received Import Request.
  Time since last request: 0.065479 seconds.
  path: Assets/Scripts/HealthBarController.cs
  artifactKey: Guid(cda514001a5c72c449fe060ac045e69b) Importer(815301076,1909f56bfc062723c751e8b465ee728b)
Start importing Assets/Scripts/HealthBarController.cs using Guid(cda514001a5c72c449fe060ac045e69b) Importer(815301076,1909f56bfc062723c751e8b465ee728b)  -> (artifact id: '818ec933e2bb525f23170a007acf49dd') in 0.001754 seconds 
  Import took 0.005666 seconds .

========================================================================
Received Import Request.
  Time since last request: 104.549717 seconds.
  path: Assets/Scripts/HealthBarController.cs
  artifactKey: Guid(cda514001a5c72c449fe060ac045e69b) Importer(815301076,1909f56bfc062723c751e8b465ee728b)
Start importing Assets/Scripts/HealthBarController.cs using Guid(cda514001a5c72c449fe060ac045e69b) Importer(815301076,1909f56bfc062723c751e8b465ee728b)  -> (artifact id: '251e5400f04fde63be4635bff3d09e7a') in 0.001779 seconds 
  Import took 0.006621 seconds .

========================================================================
Received Import Request.
  Time since last request: 0.029968 seconds.
  path: Assets/Scripts/HealthBarController.cs
  artifactKey: Guid(cda514001a5c72c449fe060ac045e69b) Importer(815301076,1909f56bfc062723c751e8b465ee728b)
Start importing Assets/Scripts/HealthBarController.cs using Guid(cda514001a5c72c449fe060ac045e69b) Importer(815301076,1909f56bfc062723c751e8b465ee728b)  -> (artifact id: '251e5400f04fde63be4635bff3d09e7a') in 0.001973 seconds 
  Import took 0.005649 seconds .

========================================================================
Received Import Request.
  Time since last request: 24.784290 seconds.
  path: Assets/Scripts/HealthBarController.cs
  artifactKey: Guid(cda514001a5c72c449fe060ac045e69b) Importer(815301076,1909f56bfc062723c751e8b465ee728b)
Start importing Assets/Scripts/HealthBarController.cs using Guid(cda514001a5c72c449fe060ac045e69b) Importer(815301076,1909f56bfc062723c751e8b465ee728b)  -> (artifact id: 'bd9e6b763d0e6880d36698ae4c5fddd3') in 0.001853 seconds 
  Import took 0.006967 seconds .

========================================================================
Received Prepare
Registering precompiled user dll's ...
Registered in 0.003374 seconds.
Begin MonoManager ReloadAssembly
Native extension for WindowsStandalone target not found
Refreshing native plugins compatible for Editor in 0.51 ms, found 2 plugins.
Preloading 0 native plugins for Editor in 0.00 ms.
Mono: successfully reloaded assembly
- Completed reload, in  0.889 seconds
Domain Reload Profiling:
	ReloadAssembly (890ms)
		BeginReloadAssembly (100ms)
			ExecutionOrderSort (0ms)
			DisableScriptedObjects (4ms)
			BackupInstance (0ms)
			ReleaseScriptingObjects (0ms)
			CreateAndSetChildDomain (27ms)
		EndReloadAssembly (737ms)
			LoadAssemblies (71ms)
			RebuildTransferFunctionScriptingTraits (0ms)
			SetupTypeCache (243ms)
			ReleaseScriptCaches (1ms)
			RebuildScriptCaches (33ms)
			SetupLoadedEditorAssemblies (297ms)
				LogAssemblyErrors (0ms)
				InitializePlatformSupportModulesInManaged (3ms)
				SetLoadedEditorAssemblies (0ms)
				RefreshPlugins (1ms)
				BeforeProcessingInitializeOnLoad (70ms)
				ProcessInitializeOnLoadAttributes (214ms)
				ProcessInitializeOnLoadMethodAttributes (3ms)
				AfterProcessingInitializeOnLoad (6ms)
				EditorAssembliesLoaded (0ms)
			ExecutionOrderSort2 (0ms)
			AwakeInstancesAfterBackupRestoration (8ms)
Platform modules already initialized, skipping
Refreshing native plugins compatible for Editor in 0.48 ms, found 2 plugins.
Preloading 0 native plugins for Editor in 0.00 ms.
Unloading 2610 Unused Serialized files (Serialized files now loaded: 0)
System memory in use before: 117.2 MB.
System memory in use after: 117.5 MB.

Unloading 14 unused Assets to reduce memory usage. Loaded Objects now: 3172.
Total: 3.136000 ms (FindLiveObjects: 0.245100 ms CreateObjectMapping: 0.110300 ms MarkObjects: 2.755800 ms  DeleteObjects: 0.024000 ms)

AssetImportParameters requested are different than current active one (requested -> active):
  custom:framework-win-MediaFoundation: 216162199b28c13a410421893ffa2e32 -> 
  custom:video-decoder-ogg-theora: a1e56fd34408186e4bbccfd4996cb3dc -> 
  custom:container-muxer-webm: aa71ff27fc2769a1b78a27578f13a17b -> 
  custom:container-demuxer-webm: 4f35f7cbe854078d1ac9338744f61a02 -> 
  custom:container-demuxer-ogg: 62fdf1f143b41e24485cea50d1cbac27 -> 
  custom:video-encoder-webm-vp8: eb34c28f22e8b96e1ab97ce403110664 -> 
  custom:video-decoder-webm-vp8: 9c59270c3fd7afecdb556c50c9e8de78 -> 
  custom:audio-decoder-ogg-vorbis: bf7c407c2cedff20999df2af8eb42d56 -> 
  custom:audio-encoder-webm-vorbis: bf7c407c2cedff20999df2af8eb42d56 -> 
========================================================================
Received Import Request.
  Time since last request: 18.376493 seconds.
  path: Assets/Scripts/HealthBarController.cs
  artifactKey: Guid(cda514001a5c72c449fe060ac045e69b) Importer(815301076,1909f56bfc062723c751e8b465ee728b)
Start importing Assets/Scripts/HealthBarController.cs using Guid(cda514001a5c72c449fe060ac045e69b) Importer(815301076,1909f56bfc062723c751e8b465ee728b)  -> (artifact id: 'c811a67eacf89c287c9fb59db7232b4c') in 0.004708 seconds 
  Import took 0.008384 seconds .

========================================================================
Received Prepare
Registering precompiled user dll's ...
Registered in 0.003360 seconds.
Begin MonoManager ReloadAssembly
Native extension for WindowsStandalone target not found
Refreshing native plugins compatible for Editor in 0.45 ms, found 2 plugins.
Preloading 0 native plugins for Editor in 0.00 ms.
Mono: successfully reloaded assembly
- Completed reload, in  0.887 seconds
Domain Reload Profiling:
	ReloadAssembly (888ms)
		BeginReloadAssembly (99ms)
			ExecutionOrderSort (0ms)
			DisableScriptedObjects (3ms)
			BackupInstance (0ms)
			ReleaseScriptingObjects (0ms)
			CreateAndSetChildDomain (27ms)
		EndReloadAssembly (737ms)
			LoadAssemblies (71ms)
			RebuildTransferFunctionScriptingTraits (0ms)
			SetupTypeCache (242ms)
			ReleaseScriptCaches (1ms)
			RebuildScriptCaches (34ms)
			SetupLoadedEditorAssemblies (300ms)
				LogAssemblyErrors (0ms)
				InitializePlatformSupportModulesInManaged (3ms)
				SetLoadedEditorAssemblies (0ms)
				RefreshPlugins (0ms)
				BeforeProcessingInitializeOnLoad (68ms)
				ProcessInitializeOnLoadAttributes (218ms)
				ProcessInitializeOnLoadMethodAttributes (3ms)
				AfterProcessingInitializeOnLoad (6ms)
				EditorAssembliesLoaded (0ms)
			ExecutionOrderSort2 (0ms)
			AwakeInstancesAfterBackupRestoration (8ms)
Platform modules already initialized, skipping
Refreshing native plugins compatible for Editor in 0.46 ms, found 2 plugins.
Preloading 0 native plugins for Editor in 0.00 ms.
Unloading 2610 Unused Serialized files (Serialized files now loaded: 0)
System memory in use before: 117.3 MB.
System memory in use after: 117.5 MB.

Unloading 14 unused Assets to reduce memory usage. Loaded Objects now: 3174.
Total: 2.735200 ms (FindLiveObjects: 0.208100 ms CreateObjectMapping: 0.095000 ms MarkObjects: 2.416200 ms  DeleteObjects: 0.015100 ms)

AssetImportParameters requested are different than current active one (requested -> active):
  custom:framework-win-MediaFoundation: 216162199b28c13a410421893ffa2e32 -> 
  custom:video-decoder-ogg-theora: a1e56fd34408186e4bbccfd4996cb3dc -> 
  custom:container-muxer-webm: aa71ff27fc2769a1b78a27578f13a17b -> 
  custom:container-demuxer-webm: 4f35f7cbe854078d1ac9338744f61a02 -> 
  custom:container-demuxer-ogg: 62fdf1f143b41e24485cea50d1cbac27 -> 
  custom:video-encoder-webm-vp8: eb34c28f22e8b96e1ab97ce403110664 -> 
  custom:video-decoder-webm-vp8: 9c59270c3fd7afecdb556c50c9e8de78 -> 
  custom:audio-decoder-ogg-vorbis: bf7c407c2cedff20999df2af8eb42d56 -> 
  custom:audio-encoder-webm-vorbis: bf7c407c2cedff20999df2af8eb42d56 -> 
========================================================================
Received Import Request.
  Time since last request: 109.729913 seconds.
  path: Assets/Resources/Prefabs/Enemy1.prefab
  artifactKey: Guid(771099aa958cac647a36980bd3d6f1a6) Importer(815301076,1909f56bfc062723c751e8b465ee728b)
Start importing Assets/Resources/Prefabs/Enemy1.prefab using Guid(771099aa958cac647a36980bd3d6f1a6) Importer(815301076,1909f56bfc062723c751e8b465ee728b)  -> (artifact id: 'f7dbcddce676f42babe0920426598476') in 0.197752 seconds 
  Import took 0.201903 seconds .

========================================================================
Received Import Request.
  Time since last request: 6.921295 seconds.
  path: Assets/Resources/Prefabs/Enemy1.prefab
  artifactKey: Guid(771099aa958cac647a36980bd3d6f1a6) Importer(815301076,1909f56bfc062723c751e8b465ee728b)
Start importing Assets/Resources/Prefabs/Enemy1.prefab using Guid(771099aa958cac647a36980bd3d6f1a6) Importer(815301076,1909f56bfc062723c751e8b465ee728b)  -> (artifact id: '381180315cf6bd1803fc3a46d8e4a671') in 0.008070 seconds 
  Import took 0.011898 seconds .

========================================================================
Received Import Request.
  Time since last request: 1.591006 seconds.
  path: Assets/Resources/Prefabs/Enemy1.prefab
  artifactKey: Guid(771099aa958cac647a36980bd3d6f1a6) Importer(815301076,1909f56bfc062723c751e8b465ee728b)
Start importing Assets/Resources/Prefabs/Enemy1.prefab using Guid(771099aa958cac647a36980bd3d6f1a6) Importer(815301076,1909f56bfc062723c751e8b465ee728b)  -> (artifact id: 'dca05c506e73b387d6a243396f55bc75') in 0.007475 seconds 
  Import took 0.011060 seconds .

========================================================================
Received Import Request.
  Time since last request: 5.849911 seconds.
  path: Assets/Resources/Prefabs/Enemy1.prefab
  artifactKey: Guid(771099aa958cac647a36980bd3d6f1a6) Importer(815301076,1909f56bfc062723c751e8b465ee728b)
Start importing Assets/Resources/Prefabs/Enemy1.prefab using Guid(771099aa958cac647a36980bd3d6f1a6) Importer(815301076,1909f56bfc062723c751e8b465ee728b)  -> (artifact id: '13e4586a5b27ae24a320e19470fc2d69') in 0.007681 seconds 
  Import took 0.011718 seconds .

========================================================================
Received Import Request.
  Time since last request: 1.416411 seconds.
  path: Assets/Resources/Prefabs/Enemy1.prefab
  artifactKey: Guid(771099aa958cac647a36980bd3d6f1a6) Importer(815301076,1909f56bfc062723c751e8b465ee728b)
Start importing Assets/Resources/Prefabs/Enemy1.prefab using Guid(771099aa958cac647a36980bd3d6f1a6) Importer(815301076,1909f56bfc062723c751e8b465ee728b)  -> (artifact id: '36576c0bc556716bdbf3e2e40423f9d8') in 0.008868 seconds 
  Import took 0.012673 seconds .

========================================================================
Received Import Request.
  Time since last request: 5.417856 seconds.
  path: Assets/Resources/Prefabs/Enemy1.prefab
  artifactKey: Guid(771099aa958cac647a36980bd3d6f1a6) Importer(815301076,1909f56bfc062723c751e8b465ee728b)
Start importing Assets/Resources/Prefabs/Enemy1.prefab using Guid(771099aa958cac647a36980bd3d6f1a6) Importer(815301076,1909f56bfc062723c751e8b465ee728b)  -> (artifact id: '8e4bfc65ca3d909c191e5bd9b5e1117e') in 0.008641 seconds 
  Import took 0.012844 seconds .

========================================================================
Received Import Request.
  Time since last request: 3.624011 seconds.
  path: Assets/Resources/Prefabs/Enemy1.prefab
  artifactKey: Guid(771099aa958cac647a36980bd3d6f1a6) Importer(815301076,1909f56bfc062723c751e8b465ee728b)
Start importing Assets/Resources/Prefabs/Enemy1.prefab using Guid(771099aa958cac647a36980bd3d6f1a6) Importer(815301076,1909f56bfc062723c751e8b465ee728b)  -> (artifact id: '6dea1da05f6cbff8c4a34aeaf4c11750') in 0.008042 seconds 
  Import took 0.012171 seconds .

========================================================================
Received Import Request.
  Time since last request: 4.237217 seconds.
  path: Assets/Resources/Prefabs/Enemy1.prefab
  artifactKey: Guid(771099aa958cac647a36980bd3d6f1a6) Importer(815301076,1909f56bfc062723c751e8b465ee728b)
Start importing Assets/Resources/Prefabs/Enemy1.prefab using Guid(771099aa958cac647a36980bd3d6f1a6) Importer(815301076,1909f56bfc062723c751e8b465ee728b)  -> (artifact id: 'e90def2383f5d5ff84ff9f340fc04d72') in 0.009057 seconds 
  Import took 0.013221 seconds .

========================================================================
Received Import Request.
  Time since last request: 0.766714 seconds.
  path: Assets/Resources/Prefabs/Enemy1.prefab
  artifactKey: Guid(771099aa958cac647a36980bd3d6f1a6) Importer(815301076,1909f56bfc062723c751e8b465ee728b)
Start importing Assets/Resources/Prefabs/Enemy1.prefab using Guid(771099aa958cac647a36980bd3d6f1a6) Importer(815301076,1909f56bfc062723c751e8b465ee728b)  -> (artifact id: '2ab127c50137123b9efc86897f4ab571') in 0.008094 seconds 
  Import took 0.011761 seconds .

========================================================================
Received Import Request.
  Time since last request: 1.599927 seconds.
  path: Assets/Resources/Prefabs/Enemy1.prefab
  artifactKey: Guid(771099aa958cac647a36980bd3d6f1a6) Importer(815301076,1909f56bfc062723c751e8b465ee728b)
Start importing Assets/Resources/Prefabs/Enemy1.prefab using Guid(771099aa958cac647a36980bd3d6f1a6) Importer(815301076,1909f56bfc062723c751e8b465ee728b)  -> (artifact id: 'eab435e61cf16bd3808f053e95485084') in 0.007708 seconds 
  Import took 0.011340 seconds .

========================================================================
Received Import Request.
  Time since last request: 6.227621 seconds.
  path: Assets/Resources/Prefabs/Enemy1.prefab
  artifactKey: Guid(771099aa958cac647a36980bd3d6f1a6) Importer(815301076,1909f56bfc062723c751e8b465ee728b)
Start importing Assets/Resources/Prefabs/Enemy1.prefab using Guid(771099aa958cac647a36980bd3d6f1a6) Importer(815301076,1909f56bfc062723c751e8b465ee728b)  -> (artifact id: '1750f9317dac561fee53e07c316c4821') in 0.008429 seconds 
  Import took 0.012530 seconds .

========================================================================
Received Import Request.
  Time since last request: 1.843233 seconds.
  path: Assets/Resources/Prefabs/Enemy1.prefab
  artifactKey: Guid(771099aa958cac647a36980bd3d6f1a6) Importer(815301076,1909f56bfc062723c751e8b465ee728b)
Start importing Assets/Resources/Prefabs/Enemy1.prefab using Guid(771099aa958cac647a36980bd3d6f1a6) Importer(815301076,1909f56bfc062723c751e8b465ee728b)  -> (artifact id: '737c094d6603a8114c2df8715074b433') in 0.007435 seconds 
  Import took 0.011119 seconds .

========================================================================
Received Prepare
Registering precompiled user dll's ...
Registered in 0.003574 seconds.
Begin MonoManager ReloadAssembly
Native extension for WindowsStandalone target not found
Refreshing native plugins compatible for Editor in 0.45 ms, found 2 plugins.
Preloading 0 native plugins for Editor in 0.00 ms.
Mono: successfully reloaded assembly
- Completed reload, in  0.952 seconds
Domain Reload Profiling:
	ReloadAssembly (952ms)
		BeginReloadAssembly (111ms)
			ExecutionOrderSort (0ms)
			DisableScriptedObjects (5ms)
			BackupInstance (0ms)
			ReleaseScriptingObjects (0ms)
			CreateAndSetChildDomain (32ms)
		EndReloadAssembly (790ms)
			LoadAssemblies (74ms)
			RebuildTransferFunctionScriptingTraits (0ms)
			SetupTypeCache (237ms)
			ReleaseScriptCaches (1ms)
			RebuildScriptCaches (33ms)
			SetupLoadedEditorAssemblies (328ms)
				LogAssemblyErrors (0ms)
				InitializePlatformSupportModulesInManaged (4ms)
				SetLoadedEditorAssemblies (0ms)
				RefreshPlugins (1ms)
				BeforeProcessingInitializeOnLoad (71ms)
				ProcessInitializeOnLoadAttributes (244ms)
				ProcessInitializeOnLoadMethodAttributes (4ms)
				AfterProcessingInitializeOnLoad (6ms)
				EditorAssembliesLoaded (0ms)
			ExecutionOrderSort2 (0ms)
			AwakeInstancesAfterBackupRestoration (15ms)
Platform modules already initialized, skipping
Refreshing native plugins compatible for Editor in 0.45 ms, found 2 plugins.
Preloading 0 native plugins for Editor in 0.00 ms.
Unloading 2610 Unused Serialized files (Serialized files now loaded: 0)
System memory in use before: 122.6 MB.
System memory in use after: 122.8 MB.

Unloading 15 unused Assets to reduce memory usage. Loaded Objects now: 3222.
Total: 2.829700 ms (FindLiveObjects: 0.239400 ms CreateObjectMapping: 0.103800 ms MarkObjects: 2.460100 ms  DeleteObjects: 0.025700 ms)

AssetImportParameters requested are different than current active one (requested -> active):
  custom:framework-win-MediaFoundation: 216162199b28c13a410421893ffa2e32 -> 
  custom:video-decoder-ogg-theora: a1e56fd34408186e4bbccfd4996cb3dc -> 
  custom:container-muxer-webm: aa71ff27fc2769a1b78a27578f13a17b -> 
  custom:container-demuxer-webm: 4f35f7cbe854078d1ac9338744f61a02 -> 
  custom:container-demuxer-ogg: 62fdf1f143b41e24485cea50d1cbac27 -> 
  custom:video-encoder-webm-vp8: eb34c28f22e8b96e1ab97ce403110664 -> 
  custom:video-decoder-webm-vp8: 9c59270c3fd7afecdb556c50c9e8de78 -> 
  custom:audio-decoder-ogg-vorbis: bf7c407c2cedff20999df2af8eb42d56 -> 
  custom:audio-encoder-webm-vorbis: bf7c407c2cedff20999df2af8eb42d56 -> 
========================================================================
Received Prepare
Registering precompiled user dll's ...
Registered in 0.003327 seconds.
Begin MonoManager ReloadAssembly
Native extension for WindowsStandalone target not found
Refreshing native plugins compatible for Editor in 0.64 ms, found 2 plugins.
Preloading 0 native plugins for Editor in 0.00 ms.
Mono: successfully reloaded assembly
- Completed reload, in  0.905 seconds
Domain Reload Profiling:
	ReloadAssembly (905ms)
		BeginReloadAssembly (91ms)
			ExecutionOrderSort (0ms)
			DisableScriptedObjects (4ms)
			BackupInstance (0ms)
			ReleaseScriptingObjects (0ms)
			CreateAndSetChildDomain (26ms)
		EndReloadAssembly (764ms)
			LoadAssemblies (71ms)
			RebuildTransferFunctionScriptingTraits (0ms)
			SetupTypeCache (238ms)
			ReleaseScriptCaches (1ms)
			RebuildScriptCaches (33ms)
			SetupLoadedEditorAssemblies (309ms)
				LogAssemblyErrors (0ms)
				InitializePlatformSupportModulesInManaged (3ms)
				SetLoadedEditorAssemblies (1ms)
				RefreshPlugins (1ms)
				BeforeProcessingInitializeOnLoad (71ms)
				ProcessInitializeOnLoadAttributes (224ms)
				ProcessInitializeOnLoadMethodAttributes (3ms)
				AfterProcessingInitializeOnLoad (6ms)
				EditorAssembliesLoaded (0ms)
			ExecutionOrderSort2 (0ms)
			AwakeInstancesAfterBackupRestoration (13ms)
Platform modules already initialized, skipping
Refreshing native plugins compatible for Editor in 0.49 ms, found 2 plugins.
Preloading 0 native plugins for Editor in 0.00 ms.
Unloading 2610 Unused Serialized files (Serialized files now loaded: 0)
System memory in use before: 122.7 MB.
System memory in use after: 122.9 MB.

Unloading 14 unused Assets to reduce memory usage. Loaded Objects now: 3224.
Total: 2.988300 ms (FindLiveObjects: 0.232200 ms CreateObjectMapping: 0.099100 ms MarkObjects: 2.640100 ms  DeleteObjects: 0.016000 ms)

AssetImportParameters requested are different than current active one (requested -> active):
  custom:framework-win-MediaFoundation: 216162199b28c13a410421893ffa2e32 -> 
  custom:video-decoder-ogg-theora: a1e56fd34408186e4bbccfd4996cb3dc -> 
  custom:container-muxer-webm: aa71ff27fc2769a1b78a27578f13a17b -> 
  custom:container-demuxer-webm: 4f35f7cbe854078d1ac9338744f61a02 -> 
  custom:container-demuxer-ogg: 62fdf1f143b41e24485cea50d1cbac27 -> 
  custom:video-encoder-webm-vp8: eb34c28f22e8b96e1ab97ce403110664 -> 
  custom:video-decoder-webm-vp8: 9c59270c3fd7afecdb556c50c9e8de78 -> 
  custom:audio-decoder-ogg-vorbis: bf7c407c2cedff20999df2af8eb42d56 -> 
  custom:audio-encoder-webm-vorbis: bf7c407c2cedff20999df2af8eb42d56 -> 
========================================================================
Received Prepare
Registering precompiled user dll's ...
Registered in 0.003329 seconds.
Begin MonoManager ReloadAssembly
Native extension for WindowsStandalone target not found
Refreshing native plugins compatible for Editor in 0.45 ms, found 2 plugins.
Preloading 0 native plugins for Editor in 0.00 ms.
Mono: successfully reloaded assembly
- Completed reload, in  0.929 seconds
Domain Reload Profiling:
	ReloadAssembly (929ms)
		BeginReloadAssembly (100ms)
			ExecutionOrderSort (0ms)
			DisableScriptedObjects (4ms)
			BackupInstance (0ms)
			ReleaseScriptingObjects (0ms)
			CreateAndSetChildDomain (27ms)
		EndReloadAssembly (777ms)
			LoadAssemblies (74ms)
			RebuildTransferFunctionScriptingTraits (0ms)
			SetupTypeCache (253ms)
			ReleaseScriptCaches (1ms)
			RebuildScriptCaches (33ms)
			SetupLoadedEditorAssemblies (305ms)
				LogAssemblyErrors (0ms)
				InitializePlatformSupportModulesInManaged (3ms)
				SetLoadedEditorAssemblies (0ms)
				RefreshPlugins (1ms)
				BeforeProcessingInitializeOnLoad (69ms)
				ProcessInitializeOnLoadAttributes (223ms)
				ProcessInitializeOnLoadMethodAttributes (3ms)
				AfterProcessingInitializeOnLoad (5ms)
				EditorAssembliesLoaded (0ms)
			ExecutionOrderSort2 (0ms)
			AwakeInstancesAfterBackupRestoration (13ms)
Platform modules already initialized, skipping
Refreshing native plugins compatible for Editor in 0.46 ms, found 2 plugins.
Preloading 0 native plugins for Editor in 0.00 ms.
Unloading 2610 Unused Serialized files (Serialized files now loaded: 0)
System memory in use before: 122.7 MB.
System memory in use after: 122.9 MB.

Unloading 14 unused Assets to reduce memory usage. Loaded Objects now: 3226.
Total: 2.913200 ms (FindLiveObjects: 0.231400 ms CreateObjectMapping: 0.102400 ms MarkObjects: 2.560900 ms  DeleteObjects: 0.017300 ms)

AssetImportParameters requested are different than current active one (requested -> active):
  custom:framework-win-MediaFoundation: 216162199b28c13a410421893ffa2e32 -> 
  custom:video-decoder-ogg-theora: a1e56fd34408186e4bbccfd4996cb3dc -> 
  custom:container-muxer-webm: aa71ff27fc2769a1b78a27578f13a17b -> 
  custom:container-demuxer-webm: 4f35f7cbe854078d1ac9338744f61a02 -> 
  custom:container-demuxer-ogg: 62fdf1f143b41e24485cea50d1cbac27 -> 
  custom:video-encoder-webm-vp8: eb34c28f22e8b96e1ab97ce403110664 -> 
  custom:video-decoder-webm-vp8: 9c59270c3fd7afecdb556c50c9e8de78 -> 
  custom:audio-decoder-ogg-vorbis: bf7c407c2cedff20999df2af8eb42d56 -> 
  custom:audio-encoder-webm-vorbis: bf7c407c2cedff20999df2af8eb42d56 -> 
AssetImportWorkerClient::OnTransportError - code=2 error=End of file
