Using pre-set license
Built from '2020.3/staging' branch; Version is '2020.3.17f1 (a4537701e4ab) revision 10769271'; Using compiler version '192528614'; Build Type 'Release'
OS: 'Windows 10 Home; OS build 19043.1165; Version 2009; 64bit' Language: 'fr' Physical Memory: 32699 MB
BatchMode: 1, IsHumanControllingUs: 0, StartBugReporterOnCrash: 0, Is64bit: 1, IsPro: 0

COMMAND LINE ARGUMENTS:
C:\Program Files\Unity\Hub\Editor\2020.3.17f1\Editor\Unity.exe
-adb2
-batchMode
-noUpm
-name
AssetImportWorker1
-projectPath
C:/Users/Xarang/Documents/GitHub/TowerDefense/TowerDefenseProject
-logFile
Logs/AssetImportWorker1.log
-srvPort
53076
Successfully changed project path to: C:/Users/Xarang/Documents/GitHub/TowerDefense/TowerDefenseProject
C:/Users/Xarang/Documents/GitHub/TowerDefense/TowerDefenseProject
Using Asset Import Pipeline V2.
Refreshing native plugins compatible for Editor in 48.68 ms, found 2 plugins.
Preloading 0 native plugins for Editor in 0.00 ms.
Initialize engine version: 2020.3.17f1 (a4537701e4ab)
[Subsystems] Discovering subsystems at path C:/Program Files/Unity/Hub/Editor/2020.3.17f1/Editor/Data/Resources/UnitySubsystems
[Subsystems] Discovering subsystems at path C:/Users/Xarang/Documents/GitHub/TowerDefense/TowerDefenseProject/Assets
GfxDevice: creating device client; threaded=0
Direct3D:
    Version:  Direct3D 11.0 [level 11.1]
    Renderer: NVIDIA GeForce RTX 2080 SUPER (ID=0x1e81)
    Vendor:   
    VRAM:     8010 MB
    Driver:   27.21.14.6079
Initialize mono
Mono path[0] = 'C:/Program Files/Unity/Hub/Editor/2020.3.17f1/Editor/Data/Managed'
Mono path[1] = 'C:/Program Files/Unity/Hub/Editor/2020.3.17f1/Editor/Data/MonoBleedingEdge/lib/mono/unityjit'
Mono config path = 'C:/Program Files/Unity/Hub/Editor/2020.3.17f1/Editor/Data/MonoBleedingEdge/etc'
Using monoOptions --debugger-agent=transport=dt_socket,embedding=1,server=y,suspend=n,address=127.0.0.1:56032
Begin MonoManager ReloadAssembly
Registering precompiled unity dll's ...
Register platform support module: C:/Program Files/Unity/Hub/Editor/2020.3.17f1/Editor/Data/PlaybackEngines/WindowsStandaloneSupport/UnityEditor.WindowsStandalone.Extensions.dll
Registered in 0.001665 seconds.
Native extension for WindowsStandalone target not found
Refreshing native plugins compatible for Editor in 39.86 ms, found 2 plugins.
Preloading 0 native plugins for Editor in 0.00 ms.
Mono: successfully reloaded assembly
- Completed reload, in  0.965 seconds
Domain Reload Profiling:
	ReloadAssembly (965ms)
		BeginReloadAssembly (50ms)
			ExecutionOrderSort (0ms)
			DisableScriptedObjects (0ms)
			BackupInstance (0ms)
			ReleaseScriptingObjects (0ms)
			CreateAndSetChildDomain (1ms)
		EndReloadAssembly (357ms)
			LoadAssemblies (48ms)
			RebuildTransferFunctionScriptingTraits (0ms)
			SetupTypeCache (127ms)
			ReleaseScriptCaches (0ms)
			RebuildScriptCaches (25ms)
			SetupLoadedEditorAssemblies (145ms)
				LogAssemblyErrors (0ms)
				InitializePlatformSupportModulesInManaged (3ms)
				SetLoadedEditorAssemblies (0ms)
				RefreshPlugins (40ms)
				BeforeProcessingInitializeOnLoad (14ms)
				ProcessInitializeOnLoadAttributes (64ms)
				ProcessInitializeOnLoadMethodAttributes (24ms)
				AfterProcessingInitializeOnLoad (0ms)
				EditorAssembliesLoaded (0ms)
			ExecutionOrderSort2 (0ms)
			AwakeInstancesAfterBackupRestoration (0ms)
Platform modules already initialized, skipping
Registering precompiled user dll's ...
Registered in 0.004372 seconds.
Begin MonoManager ReloadAssembly
Native extension for WindowsStandalone target not found
Refreshing native plugins compatible for Editor in 40.76 ms, found 2 plugins.
Preloading 0 native plugins for Editor in 0.00 ms.
Mono: successfully reloaded assembly
- Completed reload, in  1.025 seconds
Domain Reload Profiling:
	ReloadAssembly (1028ms)
		BeginReloadAssembly (124ms)
			ExecutionOrderSort (0ms)
			DisableScriptedObjects (4ms)
			BackupInstance (0ms)
			ReleaseScriptingObjects (0ms)
			CreateAndSetChildDomain (16ms)
		EndReloadAssembly (847ms)
			LoadAssemblies (76ms)
			RebuildTransferFunctionScriptingTraits (0ms)
			SetupTypeCache (258ms)
			ReleaseScriptCaches (0ms)
			RebuildScriptCaches (53ms)
			SetupLoadedEditorAssemblies (352ms)
				LogAssemblyErrors (0ms)
				InitializePlatformSupportModulesInManaged (3ms)
				SetLoadedEditorAssemblies (0ms)
				RefreshPlugins (41ms)
				BeforeProcessingInitializeOnLoad (72ms)
				ProcessInitializeOnLoadAttributes (226ms)
				ProcessInitializeOnLoadMethodAttributes (4ms)
				AfterProcessingInitializeOnLoad (6ms)
				EditorAssembliesLoaded (0ms)
			ExecutionOrderSort2 (0ms)
			AwakeInstancesAfterBackupRestoration (5ms)
Platform modules already initialized, skipping
========================================================================
Worker process is ready to serve import requests
Launched and connected shader compiler UnityShaderCompiler.exe after 0.03 seconds
Refreshing native plugins compatible for Editor in 0.44 ms, found 2 plugins.
Preloading 0 native plugins for Editor in 0.00 ms.
Unloading 2715 Unused Serialized files (Serialized files now loaded: 0)
System memory in use before: 123.3 MB.
System memory in use after: 123.5 MB.

Unloading 19 unused Assets to reduce memory usage. Loaded Objects now: 3148.
Total: 3.502700 ms (FindLiveObjects: 0.361100 ms CreateObjectMapping: 0.333700 ms MarkObjects: 2.739600 ms  DeleteObjects: 0.067100 ms)

AssetImportParameters requested are different than current active one (requested -> active):
  custom:framework-win-MediaFoundation: 216162199b28c13a410421893ffa2e32 -> 
  custom:video-decoder-ogg-theora: a1e56fd34408186e4bbccfd4996cb3dc -> 
  custom:container-muxer-webm: aa71ff27fc2769a1b78a27578f13a17b -> 
  custom:container-demuxer-webm: 4f35f7cbe854078d1ac9338744f61a02 -> 
  custom:container-demuxer-ogg: 62fdf1f143b41e24485cea50d1cbac27 -> 
  custom:video-encoder-webm-vp8: eb34c28f22e8b96e1ab97ce403110664 -> 
  custom:video-decoder-webm-vp8: 9c59270c3fd7afecdb556c50c9e8de78 -> 
  custom:audio-decoder-ogg-vorbis: bf7c407c2cedff20999df2af8eb42d56 -> 
  custom:audio-encoder-webm-vorbis: bf7c407c2cedff20999df2af8eb42d56 -> 
========================================================================
Received Import Request.
  path: Assets/Scripts/TurretController.cs
  artifactKey: Guid(c507ebd984b1b5a46aff3c7838b8f722) Importer(815301076,1909f56bfc062723c751e8b465ee728b)
Start importing Assets/Scripts/TurretController.cs using Guid(c507ebd984b1b5a46aff3c7838b8f722) Importer(815301076,1909f56bfc062723c751e8b465ee728b)  -> (artifact id: '00000000000000000000000000000000') in 0.013618 seconds  code(4) message(Build asset version error: assets/scripts/turretcontroller.cs in SourceAssetDB has modification time of '2021-09-12T12:45:15.9591797Z' while content on disk has modification time of '2021-09-12T12:45:17.4678874Z')
  ERROR: Build asset version error: assets/scripts/turretcontroller.cs in SourceAssetDB has modification time of '2021-09-12T12:45:15.9591797Z' while content on disk has modification time of '2021-09-12T12:45:17.4678874Z'
  Import took 0.016929 seconds .

========================================================================
Received Import Request.
  Time since last request: 0.085198 seconds.
  path: Assets/Scripts/TurretController.cs
  artifactKey: Guid(c507ebd984b1b5a46aff3c7838b8f722) Importer(815301076,1909f56bfc062723c751e8b465ee728b)
Start importing Assets/Scripts/TurretController.cs using Guid(c507ebd984b1b5a46aff3c7838b8f722) Importer(815301076,1909f56bfc062723c751e8b465ee728b)  -> (artifact id: '00000000000000000000000000000000') in 0.000239 seconds  code(4) message(Build asset version error: assets/scripts/turretcontroller.cs in SourceAssetDB has modification time of '2021-09-12T12:45:15.9591797Z' while content on disk has modification time of '2021-09-12T12:45:17.4678874Z')
  ERROR: Build asset version error: assets/scripts/turretcontroller.cs in SourceAssetDB has modification time of '2021-09-12T12:45:15.9591797Z' while content on disk has modification time of '2021-09-12T12:45:17.4678874Z'
  Import took 0.003224 seconds .

========================================================================
Received Import Request.
  Time since last request: 0.011595 seconds.
  path: Assets/Scripts/TurretController.cs
  artifactKey: Guid(c507ebd984b1b5a46aff3c7838b8f722) Importer(815301076,1909f56bfc062723c751e8b465ee728b)
Start importing Assets/Scripts/TurretController.cs using Guid(c507ebd984b1b5a46aff3c7838b8f722) Importer(815301076,1909f56bfc062723c751e8b465ee728b)  -> (artifact id: '00000000000000000000000000000000') in 0.000251 seconds  code(4) message(Build asset version error: assets/scripts/turretcontroller.cs in SourceAssetDB has modification time of '2021-09-12T12:45:15.9591797Z' while content on disk has modification time of '2021-09-12T12:45:17.4678874Z')
  ERROR: Build asset version error: assets/scripts/turretcontroller.cs in SourceAssetDB has modification time of '2021-09-12T12:45:15.9591797Z' while content on disk has modification time of '2021-09-12T12:45:17.4678874Z'
  Import took 0.003614 seconds .

========================================================================
Received Import Request.
  Time since last request: 0.108914 seconds.
  path: Assets/Scripts/TurretController.cs
  artifactKey: Guid(c507ebd984b1b5a46aff3c7838b8f722) Importer(815301076,1909f56bfc062723c751e8b465ee728b)
Start importing Assets/Scripts/TurretController.cs using Guid(c507ebd984b1b5a46aff3c7838b8f722) Importer(815301076,1909f56bfc062723c751e8b465ee728b)  -> (artifact id: '00000000000000000000000000000000') in 0.000220 seconds  code(4) message(Build asset version error: assets/scripts/turretcontroller.cs in SourceAssetDB has modification time of '2021-09-12T12:45:15.9591797Z' while content on disk has modification time of '2021-09-12T12:45:17.4678874Z')
  ERROR: Build asset version error: assets/scripts/turretcontroller.cs in SourceAssetDB has modification time of '2021-09-12T12:45:15.9591797Z' while content on disk has modification time of '2021-09-12T12:45:17.4678874Z'
  Import took 0.003087 seconds .

========================================================================
Received Import Request.
  Time since last request: 0.009971 seconds.
  path: Assets/Scripts/TurretController.cs
  artifactKey: Guid(c507ebd984b1b5a46aff3c7838b8f722) Importer(815301076,1909f56bfc062723c751e8b465ee728b)
Start importing Assets/Scripts/TurretController.cs using Guid(c507ebd984b1b5a46aff3c7838b8f722) Importer(815301076,1909f56bfc062723c751e8b465ee728b)  -> (artifact id: '00000000000000000000000000000000') in 0.000213 seconds  code(4) message(Build asset version error: assets/scripts/turretcontroller.cs in SourceAssetDB has modification time of '2021-09-12T12:45:15.9591797Z' while content on disk has modification time of '2021-09-12T12:45:17.4678874Z')
  ERROR: Build asset version error: assets/scripts/turretcontroller.cs in SourceAssetDB has modification time of '2021-09-12T12:45:15.9591797Z' while content on disk has modification time of '2021-09-12T12:45:17.4678874Z'
  Import took 0.003078 seconds .

========================================================================
Received Import Request.
  Time since last request: 0.112884 seconds.
  path: Assets/Scripts/TurretController.cs
  artifactKey: Guid(c507ebd984b1b5a46aff3c7838b8f722) Importer(815301076,1909f56bfc062723c751e8b465ee728b)
Start importing Assets/Scripts/TurretController.cs using Guid(c507ebd984b1b5a46aff3c7838b8f722) Importer(815301076,1909f56bfc062723c751e8b465ee728b)  -> (artifact id: '00000000000000000000000000000000') in 0.000212 seconds  code(4) message(Build asset version error: assets/scripts/turretcontroller.cs in SourceAssetDB has modification time of '2021-09-12T12:45:15.9591797Z' while content on disk has modification time of '2021-09-12T12:45:17.4678874Z')
  ERROR: Build asset version error: assets/scripts/turretcontroller.cs in SourceAssetDB has modification time of '2021-09-12T12:45:15.9591797Z' while content on disk has modification time of '2021-09-12T12:45:17.4678874Z'
  Import took 0.002999 seconds .

========================================================================
Received Import Request.
  Time since last request: 0.010791 seconds.
  path: Assets/Scripts/TurretController.cs
  artifactKey: Guid(c507ebd984b1b5a46aff3c7838b8f722) Importer(815301076,1909f56bfc062723c751e8b465ee728b)
Start importing Assets/Scripts/TurretController.cs using Guid(c507ebd984b1b5a46aff3c7838b8f722) Importer(815301076,1909f56bfc062723c751e8b465ee728b)  -> (artifact id: '00000000000000000000000000000000') in 0.000250 seconds  code(4) message(Build asset version error: assets/scripts/turretcontroller.cs in SourceAssetDB has modification time of '2021-09-12T12:45:15.9591797Z' while content on disk has modification time of '2021-09-12T12:45:17.4678874Z')
  ERROR: Build asset version error: assets/scripts/turretcontroller.cs in SourceAssetDB has modification time of '2021-09-12T12:45:15.9591797Z' while content on disk has modification time of '2021-09-12T12:45:17.4678874Z'
  Import took 0.004062 seconds .

========================================================================
Received Import Request.
  Time since last request: 0.107515 seconds.
  path: Assets/Scripts/TurretController.cs
  artifactKey: Guid(c507ebd984b1b5a46aff3c7838b8f722) Importer(815301076,1909f56bfc062723c751e8b465ee728b)
Start importing Assets/Scripts/TurretController.cs using Guid(c507ebd984b1b5a46aff3c7838b8f722) Importer(815301076,1909f56bfc062723c751e8b465ee728b)  -> (artifact id: '00000000000000000000000000000000') in 0.000225 seconds  code(4) message(Build asset version error: assets/scripts/turretcontroller.cs in SourceAssetDB has modification time of '2021-09-12T12:45:15.9591797Z' while content on disk has modification time of '2021-09-12T12:45:17.4678874Z')
  ERROR: Build asset version error: assets/scripts/turretcontroller.cs in SourceAssetDB has modification time of '2021-09-12T12:45:15.9591797Z' while content on disk has modification time of '2021-09-12T12:45:17.4678874Z'
  Import took 0.002982 seconds .

========================================================================
Received Import Request.
  Time since last request: 0.012202 seconds.
  path: Assets/Scripts/TurretController.cs
  artifactKey: Guid(c507ebd984b1b5a46aff3c7838b8f722) Importer(815301076,1909f56bfc062723c751e8b465ee728b)
Start importing Assets/Scripts/TurretController.cs using Guid(c507ebd984b1b5a46aff3c7838b8f722) Importer(815301076,1909f56bfc062723c751e8b465ee728b)  -> (artifact id: '00000000000000000000000000000000') in 0.000225 seconds  code(4) message(Build asset version error: assets/scripts/turretcontroller.cs in SourceAssetDB has modification time of '2021-09-12T12:45:15.9591797Z' while content on disk has modification time of '2021-09-12T12:45:17.4678874Z')
  ERROR: Build asset version error: assets/scripts/turretcontroller.cs in SourceAssetDB has modification time of '2021-09-12T12:45:15.9591797Z' while content on disk has modification time of '2021-09-12T12:45:17.4678874Z'
  Import took 0.003101 seconds .

========================================================================
Received Import Request.
  Time since last request: 0.108405 seconds.
  path: Assets/Scripts/TurretController.cs
  artifactKey: Guid(c507ebd984b1b5a46aff3c7838b8f722) Importer(815301076,1909f56bfc062723c751e8b465ee728b)
Start importing Assets/Scripts/TurretController.cs using Guid(c507ebd984b1b5a46aff3c7838b8f722) Importer(815301076,1909f56bfc062723c751e8b465ee728b)  -> (artifact id: '00000000000000000000000000000000') in 0.000226 seconds  code(4) message(Build asset version error: assets/scripts/turretcontroller.cs in SourceAssetDB has modification time of '2021-09-12T12:45:15.9591797Z' while content on disk has modification time of '2021-09-12T12:45:17.4678874Z')
  ERROR: Build asset version error: assets/scripts/turretcontroller.cs in SourceAssetDB has modification time of '2021-09-12T12:45:15.9591797Z' while content on disk has modification time of '2021-09-12T12:45:17.4678874Z'
  Import took 0.004000 seconds .

========================================================================
Received Import Request.
  Time since last request: 0.111620 seconds.
  path: Assets/Scripts/TurretController.cs
  artifactKey: Guid(c507ebd984b1b5a46aff3c7838b8f722) Importer(815301076,1909f56bfc062723c751e8b465ee728b)
Start importing Assets/Scripts/TurretController.cs using Guid(c507ebd984b1b5a46aff3c7838b8f722) Importer(815301076,1909f56bfc062723c751e8b465ee728b)  -> (artifact id: '00000000000000000000000000000000') in 0.000241 seconds  code(4) message(Build asset version error: assets/scripts/turretcontroller.cs in SourceAssetDB has modification time of '2021-09-12T12:45:15.9591797Z' while content on disk has modification time of '2021-09-12T12:45:17.4678874Z')
  ERROR: Build asset version error: assets/scripts/turretcontroller.cs in SourceAssetDB has modification time of '2021-09-12T12:45:15.9591797Z' while content on disk has modification time of '2021-09-12T12:45:17.4678874Z'
  Import took 0.003505 seconds .

========================================================================
Received Import Request.
  Time since last request: 0.008985 seconds.
  path: Assets/Scripts/TurretController.cs
  artifactKey: Guid(c507ebd984b1b5a46aff3c7838b8f722) Importer(815301076,1909f56bfc062723c751e8b465ee728b)
Start importing Assets/Scripts/TurretController.cs using Guid(c507ebd984b1b5a46aff3c7838b8f722) Importer(815301076,1909f56bfc062723c751e8b465ee728b)  -> (artifact id: '00000000000000000000000000000000') in 0.000252 seconds  code(4) message(Build asset version error: assets/scripts/turretcontroller.cs in SourceAssetDB has modification time of '2021-09-12T12:45:15.9591797Z' while content on disk has modification time of '2021-09-12T12:45:17.4678874Z')
  ERROR: Build asset version error: assets/scripts/turretcontroller.cs in SourceAssetDB has modification time of '2021-09-12T12:45:15.9591797Z' while content on disk has modification time of '2021-09-12T12:45:17.4678874Z'
  Import took 0.003571 seconds .

========================================================================
Received Import Request.
  Time since last request: 0.108410 seconds.
  path: Assets/Scripts/TurretController.cs
  artifactKey: Guid(c507ebd984b1b5a46aff3c7838b8f722) Importer(815301076,1909f56bfc062723c751e8b465ee728b)
Start importing Assets/Scripts/TurretController.cs using Guid(c507ebd984b1b5a46aff3c7838b8f722) Importer(815301076,1909f56bfc062723c751e8b465ee728b)  -> (artifact id: '00000000000000000000000000000000') in 0.000221 seconds  code(4) message(Build asset version error: assets/scripts/turretcontroller.cs in SourceAssetDB has modification time of '2021-09-12T12:45:15.9591797Z' while content on disk has modification time of '2021-09-12T12:45:17.4678874Z')
  ERROR: Build asset version error: assets/scripts/turretcontroller.cs in SourceAssetDB has modification time of '2021-09-12T12:45:15.9591797Z' while content on disk has modification time of '2021-09-12T12:45:17.4678874Z'
  Import took 0.003095 seconds .

========================================================================
Received Import Request.
  Time since last request: 0.013087 seconds.
  path: Assets/Scripts/TurretController.cs
  artifactKey: Guid(c507ebd984b1b5a46aff3c7838b8f722) Importer(815301076,1909f56bfc062723c751e8b465ee728b)
Start importing Assets/Scripts/TurretController.cs using Guid(c507ebd984b1b5a46aff3c7838b8f722) Importer(815301076,1909f56bfc062723c751e8b465ee728b)  -> (artifact id: '00000000000000000000000000000000') in 0.000228 seconds  code(4) message(Build asset version error: assets/scripts/turretcontroller.cs in SourceAssetDB has modification time of '2021-09-12T12:45:15.9591797Z' while content on disk has modification time of '2021-09-12T12:45:17.4678874Z')
  ERROR: Build asset version error: assets/scripts/turretcontroller.cs in SourceAssetDB has modification time of '2021-09-12T12:45:15.9591797Z' while content on disk has modification time of '2021-09-12T12:45:17.4678874Z'
  Import took 0.003292 seconds .

========================================================================
Received Import Request.
  Time since last request: 0.109561 seconds.
  path: Assets/Scripts/TurretController.cs
  artifactKey: Guid(c507ebd984b1b5a46aff3c7838b8f722) Importer(815301076,1909f56bfc062723c751e8b465ee728b)
Start importing Assets/Scripts/TurretController.cs using Guid(c507ebd984b1b5a46aff3c7838b8f722) Importer(815301076,1909f56bfc062723c751e8b465ee728b)  -> (artifact id: '00000000000000000000000000000000') in 0.000222 seconds  code(4) message(Build asset version error: assets/scripts/turretcontroller.cs in SourceAssetDB has modification time of '2021-09-12T12:45:15.9591797Z' while content on disk has modification time of '2021-09-12T12:45:17.4678874Z')
  ERROR: Build asset version error: assets/scripts/turretcontroller.cs in SourceAssetDB has modification time of '2021-09-12T12:45:15.9591797Z' while content on disk has modification time of '2021-09-12T12:45:17.4678874Z'
  Import took 0.003146 seconds .

========================================================================
Received Import Request.
  Time since last request: 0.008980 seconds.
  path: Assets/Scripts/TurretController.cs
  artifactKey: Guid(c507ebd984b1b5a46aff3c7838b8f722) Importer(815301076,1909f56bfc062723c751e8b465ee728b)
Start importing Assets/Scripts/TurretController.cs using Guid(c507ebd984b1b5a46aff3c7838b8f722) Importer(815301076,1909f56bfc062723c751e8b465ee728b)  -> (artifact id: '00000000000000000000000000000000') in 0.000236 seconds  code(4) message(Build asset version error: assets/scripts/turretcontroller.cs in SourceAssetDB has modification time of '2021-09-12T12:45:15.9591797Z' while content on disk has modification time of '2021-09-12T12:45:17.4678874Z')
  ERROR: Build asset version error: assets/scripts/turretcontroller.cs in SourceAssetDB has modification time of '2021-09-12T12:45:15.9591797Z' while content on disk has modification time of '2021-09-12T12:45:17.4678874Z'
  Import took 0.003503 seconds .

========================================================================
Received Import Request.
  Time since last request: 0.013571 seconds.
  path: Assets/Scripts/TurretController.cs
  artifactKey: Guid(c507ebd984b1b5a46aff3c7838b8f722) Importer(815301076,1909f56bfc062723c751e8b465ee728b)
Start importing Assets/Scripts/TurretController.cs using Guid(c507ebd984b1b5a46aff3c7838b8f722) Importer(815301076,1909f56bfc062723c751e8b465ee728b)  -> (artifact id: '00000000000000000000000000000000') in 0.000213 seconds  code(4) message(Build asset version error: assets/scripts/turretcontroller.cs in SourceAssetDB has modification time of '2021-09-12T12:45:15.9591797Z' while content on disk has modification time of '2021-09-12T12:45:17.4678874Z')
  ERROR: Build asset version error: assets/scripts/turretcontroller.cs in SourceAssetDB has modification time of '2021-09-12T12:45:15.9591797Z' while content on disk has modification time of '2021-09-12T12:45:17.4678874Z'
  Import took 0.003190 seconds .

========================================================================
Received Import Request.
  Time since last request: 0.108804 seconds.
  path: Assets/Scripts/TurretController.cs
  artifactKey: Guid(c507ebd984b1b5a46aff3c7838b8f722) Importer(815301076,1909f56bfc062723c751e8b465ee728b)
Start importing Assets/Scripts/TurretController.cs using Guid(c507ebd984b1b5a46aff3c7838b8f722) Importer(815301076,1909f56bfc062723c751e8b465ee728b)  -> (artifact id: '00000000000000000000000000000000') in 0.000222 seconds  code(4) message(Build asset version error: assets/scripts/turretcontroller.cs in SourceAssetDB has modification time of '2021-09-12T12:45:15.9591797Z' while content on disk has modification time of '2021-09-12T12:45:17.4678874Z')
  ERROR: Build asset version error: assets/scripts/turretcontroller.cs in SourceAssetDB has modification time of '2021-09-12T12:45:15.9591797Z' while content on disk has modification time of '2021-09-12T12:45:17.4678874Z'
  Import took 0.003650 seconds .

========================================================================
Received Import Request.
  Time since last request: 0.111273 seconds.
  path: Assets/Scripts/TurretController.cs
  artifactKey: Guid(c507ebd984b1b5a46aff3c7838b8f722) Importer(815301076,1909f56bfc062723c751e8b465ee728b)
Start importing Assets/Scripts/TurretController.cs using Guid(c507ebd984b1b5a46aff3c7838b8f722) Importer(815301076,1909f56bfc062723c751e8b465ee728b)  -> (artifact id: '00000000000000000000000000000000') in 0.000240 seconds  code(4) message(Build asset version error: assets/scripts/turretcontroller.cs in SourceAssetDB has modification time of '2021-09-12T12:45:15.9591797Z' while content on disk has modification time of '2021-09-12T12:45:17.4678874Z')
  ERROR: Build asset version error: assets/scripts/turretcontroller.cs in SourceAssetDB has modification time of '2021-09-12T12:45:15.9591797Z' while content on disk has modification time of '2021-09-12T12:45:17.4678874Z'
  Import took 0.003252 seconds .

========================================================================
Received Import Request.
  Time since last request: 0.009278 seconds.
  path: Assets/Scripts/TurretController.cs
  artifactKey: Guid(c507ebd984b1b5a46aff3c7838b8f722) Importer(815301076,1909f56bfc062723c751e8b465ee728b)
Start importing Assets/Scripts/TurretController.cs using Guid(c507ebd984b1b5a46aff3c7838b8f722) Importer(815301076,1909f56bfc062723c751e8b465ee728b)  -> (artifact id: '00000000000000000000000000000000') in 0.000253 seconds  code(4) message(Build asset version error: assets/scripts/turretcontroller.cs in SourceAssetDB has modification time of '2021-09-12T12:45:15.9591797Z' while content on disk has modification time of '2021-09-12T12:45:17.4678874Z')
  ERROR: Build asset version error: assets/scripts/turretcontroller.cs in SourceAssetDB has modification time of '2021-09-12T12:45:15.9591797Z' while content on disk has modification time of '2021-09-12T12:45:17.4678874Z'
  Import took 0.003620 seconds .

========================================================================
Received Import Request.
  Time since last request: 0.108239 seconds.
  path: Assets/Scripts/TurretController.cs
  artifactKey: Guid(c507ebd984b1b5a46aff3c7838b8f722) Importer(815301076,1909f56bfc062723c751e8b465ee728b)
Start importing Assets/Scripts/TurretController.cs using Guid(c507ebd984b1b5a46aff3c7838b8f722) Importer(815301076,1909f56bfc062723c751e8b465ee728b)  -> (artifact id: '00000000000000000000000000000000') in 0.000230 seconds  code(4) message(Build asset version error: assets/scripts/turretcontroller.cs in SourceAssetDB has modification time of '2021-09-12T12:45:15.9591797Z' while content on disk has modification time of '2021-09-12T12:45:17.4678874Z')
  ERROR: Build asset version error: assets/scripts/turretcontroller.cs in SourceAssetDB has modification time of '2021-09-12T12:45:15.9591797Z' while content on disk has modification time of '2021-09-12T12:45:17.4678874Z'
  Import took 0.003243 seconds .

========================================================================
Received Import Request.
  Time since last request: 0.013213 seconds.
  path: Assets/Scripts/TurretController.cs
  artifactKey: Guid(c507ebd984b1b5a46aff3c7838b8f722) Importer(815301076,1909f56bfc062723c751e8b465ee728b)
Start importing Assets/Scripts/TurretController.cs using Guid(c507ebd984b1b5a46aff3c7838b8f722) Importer(815301076,1909f56bfc062723c751e8b465ee728b)  -> (artifact id: '00000000000000000000000000000000') in 0.000242 seconds  code(4) message(Build asset version error: assets/scripts/turretcontroller.cs in SourceAssetDB has modification time of '2021-09-12T12:45:15.9591797Z' while content on disk has modification time of '2021-09-12T12:45:17.4678874Z')
  ERROR: Build asset version error: assets/scripts/turretcontroller.cs in SourceAssetDB has modification time of '2021-09-12T12:45:15.9591797Z' while content on disk has modification time of '2021-09-12T12:45:17.4678874Z'
  Import took 0.003269 seconds .

========================================================================
Received Import Request.
  Time since last request: 0.108936 seconds.
  path: Assets/Scripts/TurretController.cs
  artifactKey: Guid(c507ebd984b1b5a46aff3c7838b8f722) Importer(815301076,1909f56bfc062723c751e8b465ee728b)
Start importing Assets/Scripts/TurretController.cs using Guid(c507ebd984b1b5a46aff3c7838b8f722) Importer(815301076,1909f56bfc062723c751e8b465ee728b)  -> (artifact id: '00000000000000000000000000000000') in 0.000239 seconds  code(4) message(Build asset version error: assets/scripts/turretcontroller.cs in SourceAssetDB has modification time of '2021-09-12T12:45:15.9591797Z' while content on disk has modification time of '2021-09-12T12:45:17.4678874Z')
  ERROR: Build asset version error: assets/scripts/turretcontroller.cs in SourceAssetDB has modification time of '2021-09-12T12:45:15.9591797Z' while content on disk has modification time of '2021-09-12T12:45:17.4678874Z'
  Import took 0.003247 seconds .

========================================================================
Received Import Request.
  Time since last request: 0.009118 seconds.
  path: Assets/Scripts/TurretController.cs
  artifactKey: Guid(c507ebd984b1b5a46aff3c7838b8f722) Importer(815301076,1909f56bfc062723c751e8b465ee728b)
Start importing Assets/Scripts/TurretController.cs using Guid(c507ebd984b1b5a46aff3c7838b8f722) Importer(815301076,1909f56bfc062723c751e8b465ee728b)  -> (artifact id: '00000000000000000000000000000000') in 0.000240 seconds  code(4) message(Build asset version error: assets/scripts/turretcontroller.cs in SourceAssetDB has modification time of '2021-09-12T12:45:15.9591797Z' while content on disk has modification time of '2021-09-12T12:45:17.4678874Z')
  ERROR: Build asset version error: assets/scripts/turretcontroller.cs in SourceAssetDB has modification time of '2021-09-12T12:45:15.9591797Z' while content on disk has modification time of '2021-09-12T12:45:17.4678874Z'
  Import took 0.003187 seconds .

========================================================================
Received Import Request.
  Time since last request: 0.111187 seconds.
  path: Assets/Scripts/TurretController.cs
  artifactKey: Guid(c507ebd984b1b5a46aff3c7838b8f722) Importer(815301076,1909f56bfc062723c751e8b465ee728b)
Start importing Assets/Scripts/TurretController.cs using Guid(c507ebd984b1b5a46aff3c7838b8f722) Importer(815301076,1909f56bfc062723c751e8b465ee728b)  -> (artifact id: '00000000000000000000000000000000') in 0.000219 seconds  code(4) message(Build asset version error: assets/scripts/turretcontroller.cs in SourceAssetDB has modification time of '2021-09-12T12:45:15.9591797Z' while content on disk has modification time of '2021-09-12T12:45:17.4678874Z')
  ERROR: Build asset version error: assets/scripts/turretcontroller.cs in SourceAssetDB has modification time of '2021-09-12T12:45:15.9591797Z' while content on disk has modification time of '2021-09-12T12:45:17.4678874Z'
  Import took 0.003048 seconds .

========================================================================
Received Import Request.
  Time since last request: 0.010151 seconds.
  path: Assets/Scripts/TurretController.cs
  artifactKey: Guid(c507ebd984b1b5a46aff3c7838b8f722) Importer(815301076,1909f56bfc062723c751e8b465ee728b)
Start importing Assets/Scripts/TurretController.cs using Guid(c507ebd984b1b5a46aff3c7838b8f722) Importer(815301076,1909f56bfc062723c751e8b465ee728b)  -> (artifact id: '00000000000000000000000000000000') in 0.000236 seconds  code(4) message(Build asset version error: assets/scripts/turretcontroller.cs in SourceAssetDB has modification time of '2021-09-12T12:45:15.9591797Z' while content on disk has modification time of '2021-09-12T12:45:17.4678874Z')
  ERROR: Build asset version error: assets/scripts/turretcontroller.cs in SourceAssetDB has modification time of '2021-09-12T12:45:15.9591797Z' while content on disk has modification time of '2021-09-12T12:45:17.4678874Z'
  Import took 0.004957 seconds .

========================================================================
Received Import Request.
  Time since last request: 0.108018 seconds.
  path: Assets/Scripts/TurretController.cs
  artifactKey: Guid(c507ebd984b1b5a46aff3c7838b8f722) Importer(815301076,1909f56bfc062723c751e8b465ee728b)
Start importing Assets/Scripts/TurretController.cs using Guid(c507ebd984b1b5a46aff3c7838b8f722) Importer(815301076,1909f56bfc062723c751e8b465ee728b)  -> (artifact id: '00000000000000000000000000000000') in 0.000231 seconds  code(4) message(Build asset version error: assets/scripts/turretcontroller.cs in SourceAssetDB has modification time of '2021-09-12T12:45:15.9591797Z' while content on disk has modification time of '2021-09-12T12:45:17.4678874Z')
  ERROR: Build asset version error: assets/scripts/turretcontroller.cs in SourceAssetDB has modification time of '2021-09-12T12:45:15.9591797Z' while content on disk has modification time of '2021-09-12T12:45:17.4678874Z'
  Import took 0.003230 seconds .

========================================================================
Received Import Request.
  Time since last request: 0.013002 seconds.
  path: Assets/Scripts/TurretController.cs
  artifactKey: Guid(c507ebd984b1b5a46aff3c7838b8f722) Importer(815301076,1909f56bfc062723c751e8b465ee728b)
Start importing Assets/Scripts/TurretController.cs using Guid(c507ebd984b1b5a46aff3c7838b8f722) Importer(815301076,1909f56bfc062723c751e8b465ee728b)  -> (artifact id: '00000000000000000000000000000000') in 0.000219 seconds  code(4) message(Build asset version error: assets/scripts/turretcontroller.cs in SourceAssetDB has modification time of '2021-09-12T12:45:15.9591797Z' while content on disk has modification time of '2021-09-12T12:45:17.4678874Z')
  ERROR: Build asset version error: assets/scripts/turretcontroller.cs in SourceAssetDB has modification time of '2021-09-12T12:45:15.9591797Z' while content on disk has modification time of '2021-09-12T12:45:17.4678874Z'
  Import took 0.003151 seconds .

========================================================================
Received Import Request.
  Time since last request: 0.108928 seconds.
  path: Assets/Scripts/TurretController.cs
  artifactKey: Guid(c507ebd984b1b5a46aff3c7838b8f722) Importer(815301076,1909f56bfc062723c751e8b465ee728b)
Start importing Assets/Scripts/TurretController.cs using Guid(c507ebd984b1b5a46aff3c7838b8f722) Importer(815301076,1909f56bfc062723c751e8b465ee728b)  -> (artifact id: '00000000000000000000000000000000') in 0.000243 seconds  code(4) message(Build asset version error: assets/scripts/turretcontroller.cs in SourceAssetDB has modification time of '2021-09-12T12:45:15.9591797Z' while content on disk has modification time of '2021-09-12T12:45:17.4678874Z')
  ERROR: Build asset version error: assets/scripts/turretcontroller.cs in SourceAssetDB has modification time of '2021-09-12T12:45:15.9591797Z' while content on disk has modification time of '2021-09-12T12:45:17.4678874Z'
  Import took 0.003619 seconds .

========================================================================
Received Import Request.
  Time since last request: 0.108844 seconds.
  path: Assets/Scripts/TurretController.cs
  artifactKey: Guid(c507ebd984b1b5a46aff3c7838b8f722) Importer(815301076,1909f56bfc062723c751e8b465ee728b)
Start importing Assets/Scripts/TurretController.cs using Guid(c507ebd984b1b5a46aff3c7838b8f722) Importer(815301076,1909f56bfc062723c751e8b465ee728b)  -> (artifact id: '00000000000000000000000000000000') in 0.000212 seconds  code(4) message(Build asset version error: assets/scripts/turretcontroller.cs in SourceAssetDB has modification time of '2021-09-12T12:45:15.9591797Z' while content on disk has modification time of '2021-09-12T12:45:17.4678874Z')
  ERROR: Build asset version error: assets/scripts/turretcontroller.cs in SourceAssetDB has modification time of '2021-09-12T12:45:15.9591797Z' while content on disk has modification time of '2021-09-12T12:45:17.4678874Z'
  Import took 0.003222 seconds .

========================================================================
Received Import Request.
  Time since last request: 0.012403 seconds.
  path: Assets/Scripts/TurretController.cs
  artifactKey: Guid(c507ebd984b1b5a46aff3c7838b8f722) Importer(815301076,1909f56bfc062723c751e8b465ee728b)
Start importing Assets/Scripts/TurretController.cs using Guid(c507ebd984b1b5a46aff3c7838b8f722) Importer(815301076,1909f56bfc062723c751e8b465ee728b)  -> (artifact id: '00000000000000000000000000000000') in 0.000220 seconds  code(4) message(Build asset version error: assets/scripts/turretcontroller.cs in SourceAssetDB has modification time of '2021-09-12T12:45:15.9591797Z' while content on disk has modification time of '2021-09-12T12:45:17.4678874Z')
  ERROR: Build asset version error: assets/scripts/turretcontroller.cs in SourceAssetDB has modification time of '2021-09-12T12:45:15.9591797Z' while content on disk has modification time of '2021-09-12T12:45:17.4678874Z'
  Import took 0.003439 seconds .

========================================================================
Received Import Request.
  Time since last request: 0.110213 seconds.
  path: Assets/Scripts/TurretController.cs
  artifactKey: Guid(c507ebd984b1b5a46aff3c7838b8f722) Importer(815301076,1909f56bfc062723c751e8b465ee728b)
Start importing Assets/Scripts/TurretController.cs using Guid(c507ebd984b1b5a46aff3c7838b8f722) Importer(815301076,1909f56bfc062723c751e8b465ee728b)  -> (artifact id: '00000000000000000000000000000000') in 0.000234 seconds  code(4) message(Build asset version error: assets/scripts/turretcontroller.cs in SourceAssetDB has modification time of '2021-09-12T12:45:15.9591797Z' while content on disk has modification time of '2021-09-12T12:45:17.4678874Z')
  ERROR: Build asset version error: assets/scripts/turretcontroller.cs in SourceAssetDB has modification time of '2021-09-12T12:45:15.9591797Z' while content on disk has modification time of '2021-09-12T12:45:17.4678874Z'
  Import took 0.003164 seconds .

========================================================================
Received Import Request.
  Time since last request: 0.008776 seconds.
  path: Assets/Scripts/TurretController.cs
  artifactKey: Guid(c507ebd984b1b5a46aff3c7838b8f722) Importer(815301076,1909f56bfc062723c751e8b465ee728b)
Start importing Assets/Scripts/TurretController.cs using Guid(c507ebd984b1b5a46aff3c7838b8f722) Importer(815301076,1909f56bfc062723c751e8b465ee728b)  -> (artifact id: '00000000000000000000000000000000') in 0.000233 seconds  code(4) message(Build asset version error: assets/scripts/turretcontroller.cs in SourceAssetDB has modification time of '2021-09-12T12:45:15.9591797Z' while content on disk has modification time of '2021-09-12T12:45:17.4678874Z')
  ERROR: Build asset version error: assets/scripts/turretcontroller.cs in SourceAssetDB has modification time of '2021-09-12T12:45:15.9591797Z' while content on disk has modification time of '2021-09-12T12:45:17.4678874Z'
  Import took 0.003214 seconds .

========================================================================
Received Import Request.
  Time since last request: 0.011534 seconds.
  path: Assets/Scripts/TurretController.cs
  artifactKey: Guid(c507ebd984b1b5a46aff3c7838b8f722) Importer(815301076,1909f56bfc062723c751e8b465ee728b)
Start importing Assets/Scripts/TurretController.cs using Guid(c507ebd984b1b5a46aff3c7838b8f722) Importer(815301076,1909f56bfc062723c751e8b465ee728b)  -> (artifact id: '00000000000000000000000000000000') in 0.000255 seconds  code(4) message(Build asset version error: assets/scripts/turretcontroller.cs in SourceAssetDB has modification time of '2021-09-12T12:45:15.9591797Z' while content on disk has modification time of '2021-09-12T12:45:17.4678874Z')
  ERROR: Build asset version error: assets/scripts/turretcontroller.cs in SourceAssetDB has modification time of '2021-09-12T12:45:15.9591797Z' while content on disk has modification time of '2021-09-12T12:45:17.4678874Z'
  Import took 0.003478 seconds .

========================================================================
Received Import Request.
  Time since last request: 0.008782 seconds.
  path: Assets/Scripts/TurretController.cs
  artifactKey: Guid(c507ebd984b1b5a46aff3c7838b8f722) Importer(815301076,1909f56bfc062723c751e8b465ee728b)
Start importing Assets/Scripts/TurretController.cs using Guid(c507ebd984b1b5a46aff3c7838b8f722) Importer(815301076,1909f56bfc062723c751e8b465ee728b)  -> (artifact id: '00000000000000000000000000000000') in 0.000229 seconds  code(4) message(Build asset version error: assets/scripts/turretcontroller.cs in SourceAssetDB has modification time of '2021-09-12T12:45:15.9591797Z' while content on disk has modification time of '2021-09-12T12:45:17.4678874Z')
  ERROR: Build asset version error: assets/scripts/turretcontroller.cs in SourceAssetDB has modification time of '2021-09-12T12:45:15.9591797Z' while content on disk has modification time of '2021-09-12T12:45:17.4678874Z'
  Import took 0.003040 seconds .

========================================================================
Received Import Request.
  Time since last request: 0.110986 seconds.
  path: Assets/Scripts/TurretController.cs
  artifactKey: Guid(c507ebd984b1b5a46aff3c7838b8f722) Importer(815301076,1909f56bfc062723c751e8b465ee728b)
Start importing Assets/Scripts/TurretController.cs using Guid(c507ebd984b1b5a46aff3c7838b8f722) Importer(815301076,1909f56bfc062723c751e8b465ee728b)  -> (artifact id: '00000000000000000000000000000000') in 0.000325 seconds  code(4) message(Build asset version error: assets/scripts/turretcontroller.cs in SourceAssetDB has modification time of '2021-09-12T12:45:15.9591797Z' while content on disk has modification time of '2021-09-12T12:45:17.4678874Z')
  ERROR: Build asset version error: assets/scripts/turretcontroller.cs in SourceAssetDB has modification time of '2021-09-12T12:45:15.9591797Z' while content on disk has modification time of '2021-09-12T12:45:17.4678874Z'
  Import took 0.004147 seconds .

========================================================================
Received Import Request.
  Time since last request: 0.011718 seconds.
  path: Assets/Scripts/TurretController.cs
  artifactKey: Guid(c507ebd984b1b5a46aff3c7838b8f722) Importer(815301076,1909f56bfc062723c751e8b465ee728b)
Start importing Assets/Scripts/TurretController.cs using Guid(c507ebd984b1b5a46aff3c7838b8f722) Importer(815301076,1909f56bfc062723c751e8b465ee728b)  -> (artifact id: '00000000000000000000000000000000') in 0.000216 seconds  code(4) message(Build asset version error: assets/scripts/turretcontroller.cs in SourceAssetDB has modification time of '2021-09-12T12:45:15.9591797Z' while content on disk has modification time of '2021-09-12T12:45:17.4678874Z')
  ERROR: Build asset version error: assets/scripts/turretcontroller.cs in SourceAssetDB has modification time of '2021-09-12T12:45:15.9591797Z' while content on disk has modification time of '2021-09-12T12:45:17.4678874Z'
  Import took 0.003023 seconds .

========================================================================
Received Import Request.
  Time since last request: 0.008212 seconds.
  path: Assets/Scripts/TurretController.cs
  artifactKey: Guid(c507ebd984b1b5a46aff3c7838b8f722) Importer(815301076,1909f56bfc062723c751e8b465ee728b)
Start importing Assets/Scripts/TurretController.cs using Guid(c507ebd984b1b5a46aff3c7838b8f722) Importer(815301076,1909f56bfc062723c751e8b465ee728b)  -> (artifact id: '00000000000000000000000000000000') in 0.000208 seconds  code(4) message(Build asset version error: assets/scripts/turretcontroller.cs in SourceAssetDB has modification time of '2021-09-12T12:45:15.9591797Z' while content on disk has modification time of '2021-09-12T12:45:17.4678874Z')
  ERROR: Build asset version error: assets/scripts/turretcontroller.cs in SourceAssetDB has modification time of '2021-09-12T12:45:15.9591797Z' while content on disk has modification time of '2021-09-12T12:45:17.4678874Z'
  Import took 0.002933 seconds .

========================================================================
Received Import Request.
  Time since last request: 0.008322 seconds.
  path: Assets/Scripts/TurretController.cs
  artifactKey: Guid(c507ebd984b1b5a46aff3c7838b8f722) Importer(815301076,1909f56bfc062723c751e8b465ee728b)
Start importing Assets/Scripts/TurretController.cs using Guid(c507ebd984b1b5a46aff3c7838b8f722) Importer(815301076,1909f56bfc062723c751e8b465ee728b)  -> (artifact id: '00000000000000000000000000000000') in 0.000222 seconds  code(4) message(Build asset version error: assets/scripts/turretcontroller.cs in SourceAssetDB has modification time of '2021-09-12T12:45:15.9591797Z' while content on disk has modification time of '2021-09-12T12:45:17.4678874Z')
  ERROR: Build asset version error: assets/scripts/turretcontroller.cs in SourceAssetDB has modification time of '2021-09-12T12:45:15.9591797Z' while content on disk has modification time of '2021-09-12T12:45:17.4678874Z'
  Import took 0.002980 seconds .

========================================================================
Received Import Request.
  Time since last request: 0.012360 seconds.
  path: Assets/Scripts/TurretController.cs
  artifactKey: Guid(c507ebd984b1b5a46aff3c7838b8f722) Importer(815301076,1909f56bfc062723c751e8b465ee728b)
Start importing Assets/Scripts/TurretController.cs using Guid(c507ebd984b1b5a46aff3c7838b8f722) Importer(815301076,1909f56bfc062723c751e8b465ee728b)  -> (artifact id: '00000000000000000000000000000000') in 0.000212 seconds  code(4) message(Build asset version error: assets/scripts/turretcontroller.cs in SourceAssetDB has modification time of '2021-09-12T12:45:15.9591797Z' while content on disk has modification time of '2021-09-12T12:45:17.4678874Z')
  ERROR: Build asset version error: assets/scripts/turretcontroller.cs in SourceAssetDB has modification time of '2021-09-12T12:45:15.9591797Z' while content on disk has modification time of '2021-09-12T12:45:17.4678874Z'
  Import took 0.002951 seconds .

========================================================================
Received Import Request.
  Time since last request: 0.008821 seconds.
  path: Assets/Scripts/TurretController.cs
  artifactKey: Guid(c507ebd984b1b5a46aff3c7838b8f722) Importer(815301076,1909f56bfc062723c751e8b465ee728b)
Start importing Assets/Scripts/TurretController.cs using Guid(c507ebd984b1b5a46aff3c7838b8f722) Importer(815301076,1909f56bfc062723c751e8b465ee728b)  -> (artifact id: '00000000000000000000000000000000') in 0.000240 seconds  code(4) message(Build asset version error: assets/scripts/turretcontroller.cs in SourceAssetDB has modification time of '2021-09-12T12:45:15.9591797Z' while content on disk has modification time of '2021-09-12T12:45:17.4678874Z')
  ERROR: Build asset version error: assets/scripts/turretcontroller.cs in SourceAssetDB has modification time of '2021-09-12T12:45:15.9591797Z' while content on disk has modification time of '2021-09-12T12:45:17.4678874Z'
  Import took 0.003233 seconds .

========================================================================
Received Import Request.
  Time since last request: 0.114828 seconds.
  path: Assets/Scripts/TurretController.cs
  artifactKey: Guid(c507ebd984b1b5a46aff3c7838b8f722) Importer(815301076,1909f56bfc062723c751e8b465ee728b)
Start importing Assets/Scripts/TurretController.cs using Guid(c507ebd984b1b5a46aff3c7838b8f722) Importer(815301076,1909f56bfc062723c751e8b465ee728b)  -> (artifact id: '00000000000000000000000000000000') in 0.000381 seconds  code(4) message(Build asset version error: assets/scripts/turretcontroller.cs in SourceAssetDB has modification time of '2021-09-12T12:45:15.9591797Z' while content on disk has modification time of '2021-09-12T12:45:17.4678874Z')
  ERROR: Build asset version error: assets/scripts/turretcontroller.cs in SourceAssetDB has modification time of '2021-09-12T12:45:15.9591797Z' while content on disk has modification time of '2021-09-12T12:45:17.4678874Z'
  Import took 0.004362 seconds .

========================================================================
Received Import Request.
  Time since last request: 0.012410 seconds.
  path: Assets/Scripts/TurretController.cs
  artifactKey: Guid(c507ebd984b1b5a46aff3c7838b8f722) Importer(815301076,1909f56bfc062723c751e8b465ee728b)
Start importing Assets/Scripts/TurretController.cs using Guid(c507ebd984b1b5a46aff3c7838b8f722) Importer(815301076,1909f56bfc062723c751e8b465ee728b)  -> (artifact id: '00000000000000000000000000000000') in 0.000213 seconds  code(4) message(Build asset version error: assets/scripts/turretcontroller.cs in SourceAssetDB has modification time of '2021-09-12T12:45:15.9591797Z' while content on disk has modification time of '2021-09-12T12:45:17.4678874Z')
  ERROR: Build asset version error: assets/scripts/turretcontroller.cs in SourceAssetDB has modification time of '2021-09-12T12:45:15.9591797Z' while content on disk has modification time of '2021-09-12T12:45:17.4678874Z'
  Import took 0.002986 seconds .

========================================================================
Received Import Request.
  Time since last request: 0.130006 seconds.
  path: Assets/Scripts/TurretController.cs
  artifactKey: Guid(c507ebd984b1b5a46aff3c7838b8f722) Importer(815301076,1909f56bfc062723c751e8b465ee728b)
Start importing Assets/Scripts/TurretController.cs using Guid(c507ebd984b1b5a46aff3c7838b8f722) Importer(815301076,1909f56bfc062723c751e8b465ee728b)  -> (artifact id: '00000000000000000000000000000000') in 0.000274 seconds  code(4) message(Build asset version error: assets/scripts/turretcontroller.cs in SourceAssetDB has modification time of '2021-09-12T12:45:15.9591797Z' while content on disk has modification time of '2021-09-12T12:45:17.4678874Z')
  ERROR: Build asset version error: assets/scripts/turretcontroller.cs in SourceAssetDB has modification time of '2021-09-12T12:45:15.9591797Z' while content on disk has modification time of '2021-09-12T12:45:17.4678874Z'
  Import took 0.004195 seconds .

========================================================================
Received Import Request.
  Time since last request: 0.010458 seconds.
  path: Assets/Scripts/TurretController.cs
  artifactKey: Guid(c507ebd984b1b5a46aff3c7838b8f722) Importer(815301076,1909f56bfc062723c751e8b465ee728b)
Start importing Assets/Scripts/TurretController.cs using Guid(c507ebd984b1b5a46aff3c7838b8f722) Importer(815301076,1909f56bfc062723c751e8b465ee728b)  -> (artifact id: '00000000000000000000000000000000') in 0.000241 seconds  code(4) message(Build asset version error: assets/scripts/turretcontroller.cs in SourceAssetDB has modification time of '2021-09-12T12:45:15.9591797Z' while content on disk has modification time of '2021-09-12T12:45:17.4678874Z')
  ERROR: Build asset version error: assets/scripts/turretcontroller.cs in SourceAssetDB has modification time of '2021-09-12T12:45:15.9591797Z' while content on disk has modification time of '2021-09-12T12:45:17.4678874Z'
  Import took 0.003231 seconds .

========================================================================
Received Import Request.
  Time since last request: 0.011618 seconds.
  path: Assets/Scripts/TurretController.cs
  artifactKey: Guid(c507ebd984b1b5a46aff3c7838b8f722) Importer(815301076,1909f56bfc062723c751e8b465ee728b)
Start importing Assets/Scripts/TurretController.cs using Guid(c507ebd984b1b5a46aff3c7838b8f722) Importer(815301076,1909f56bfc062723c751e8b465ee728b)  -> (artifact id: '00000000000000000000000000000000') in 0.000232 seconds  code(4) message(Build asset version error: assets/scripts/turretcontroller.cs in SourceAssetDB has modification time of '2021-09-12T12:45:15.9591797Z' while content on disk has modification time of '2021-09-12T12:45:17.4678874Z')
  ERROR: Build asset version error: assets/scripts/turretcontroller.cs in SourceAssetDB has modification time of '2021-09-12T12:45:15.9591797Z' while content on disk has modification time of '2021-09-12T12:45:17.4678874Z'
  Import took 0.003210 seconds .

========================================================================
Received Import Request.
  Time since last request: 0.127891 seconds.
  path: Assets/Scripts/TurretController.cs
  artifactKey: Guid(c507ebd984b1b5a46aff3c7838b8f722) Importer(815301076,1909f56bfc062723c751e8b465ee728b)
Start importing Assets/Scripts/TurretController.cs using Guid(c507ebd984b1b5a46aff3c7838b8f722) Importer(815301076,1909f56bfc062723c751e8b465ee728b)  -> (artifact id: '00000000000000000000000000000000') in 0.000360 seconds  code(4) message(Build asset version error: assets/scripts/turretcontroller.cs in SourceAssetDB has modification time of '2021-09-12T12:45:15.9591797Z' while content on disk has modification time of '2021-09-12T12:45:23.1044681Z')
  ERROR: Build asset version error: assets/scripts/turretcontroller.cs in SourceAssetDB has modification time of '2021-09-12T12:45:15.9591797Z' while content on disk has modification time of '2021-09-12T12:45:23.1044681Z'
  Import took 0.004930 seconds .

========================================================================
Received Import Request.
  Time since last request: 0.014929 seconds.
  path: Assets/Scripts/TurretController.cs
  artifactKey: Guid(c507ebd984b1b5a46aff3c7838b8f722) Importer(815301076,1909f56bfc062723c751e8b465ee728b)
Start importing Assets/Scripts/TurretController.cs using Guid(c507ebd984b1b5a46aff3c7838b8f722) Importer(815301076,1909f56bfc062723c751e8b465ee728b)  -> (artifact id: '8003cfad7dca43b76de3adb549d5ed58') in 0.003848 seconds 
  Import took 0.007426 seconds .

========================================================================
Received Import Request.
  Time since last request: 3.976784 seconds.
  path: Assets/Resources/Prefabs/Turret1.prefab
  artifactKey: Guid(9d03b4994d9b4014db0a27c6c2724e26) Importer(815301076,1909f56bfc062723c751e8b465ee728b)
Start importing Assets/Resources/Prefabs/Turret1.prefab using Guid(9d03b4994d9b4014db0a27c6c2724e26) Importer(815301076,1909f56bfc062723c751e8b465ee728b)  -> (artifact id: '7e86f4899926862c1ffb3a94222a4e1b') in 0.170348 seconds 
  Import took 0.173750 seconds .

========================================================================
Received Import Request.
  Time since last request: 11.337110 seconds.
  path: Assets/Resources/Prefabs/Turret1.prefab
  artifactKey: Guid(9d03b4994d9b4014db0a27c6c2724e26) Importer(815301076,1909f56bfc062723c751e8b465ee728b)
Start importing Assets/Resources/Prefabs/Turret1.prefab using Guid(9d03b4994d9b4014db0a27c6c2724e26) Importer(815301076,1909f56bfc062723c751e8b465ee728b)  -> (artifact id: '4fb367edad9c0cf925d00f8c1436fa76') in 0.008874 seconds 
  Import took 0.012607 seconds .

========================================================================
Received Import Request.
  Time since last request: 2.175539 seconds.
  path: Assets/Resources/Prefabs/Turret1.prefab
  artifactKey: Guid(9d03b4994d9b4014db0a27c6c2724e26) Importer(815301076,1909f56bfc062723c751e8b465ee728b)
Start importing Assets/Resources/Prefabs/Turret1.prefab using Guid(9d03b4994d9b4014db0a27c6c2724e26) Importer(815301076,1909f56bfc062723c751e8b465ee728b)  -> (artifact id: '74d2c31232b9bcd7275be2716fc55e3d') in 0.007581 seconds 
  Import took 0.011012 seconds .

========================================================================
Received Prepare
Registering precompiled user dll's ...
Registered in 0.003389 seconds.
Begin MonoManager ReloadAssembly
Native extension for WindowsStandalone target not found
Refreshing native plugins compatible for Editor in 0.46 ms, found 2 plugins.
Preloading 0 native plugins for Editor in 0.00 ms.
Mono: successfully reloaded assembly
- Completed reload, in  0.965 seconds
Domain Reload Profiling:
	ReloadAssembly (966ms)
		BeginReloadAssembly (135ms)
			ExecutionOrderSort (0ms)
			DisableScriptedObjects (5ms)
			BackupInstance (0ms)
			ReleaseScriptingObjects (0ms)
			CreateAndSetChildDomain (33ms)
		EndReloadAssembly (780ms)
			LoadAssemblies (76ms)
			RebuildTransferFunctionScriptingTraits (0ms)
			SetupTypeCache (243ms)
			ReleaseScriptCaches (1ms)
			RebuildScriptCaches (32ms)
			SetupLoadedEditorAssemblies (315ms)
				LogAssemblyErrors (0ms)
				InitializePlatformSupportModulesInManaged (3ms)
				SetLoadedEditorAssemblies (0ms)
				RefreshPlugins (1ms)
				BeforeProcessingInitializeOnLoad (69ms)
				ProcessInitializeOnLoadAttributes (233ms)
				ProcessInitializeOnLoadMethodAttributes (3ms)
				AfterProcessingInitializeOnLoad (6ms)
				EditorAssembliesLoaded (0ms)
			ExecutionOrderSort2 (0ms)
			AwakeInstancesAfterBackupRestoration (12ms)
Platform modules already initialized, skipping
Refreshing native plugins compatible for Editor in 0.47 ms, found 2 plugins.
Preloading 0 native plugins for Editor in 0.00 ms.
Unloading 2606 Unused Serialized files (Serialized files now loaded: 0)
System memory in use before: 121.4 MB.
System memory in use after: 121.6 MB.

Unloading 14 unused Assets to reduce memory usage. Loaded Objects now: 3196.
Total: 2.920200 ms (FindLiveObjects: 0.230100 ms CreateObjectMapping: 0.105700 ms MarkObjects: 2.567900 ms  DeleteObjects: 0.015800 ms)

AssetImportParameters requested are different than current active one (requested -> active):
  custom:framework-win-MediaFoundation: 216162199b28c13a410421893ffa2e32 -> 
  custom:video-decoder-ogg-theora: a1e56fd34408186e4bbccfd4996cb3dc -> 
  custom:container-muxer-webm: aa71ff27fc2769a1b78a27578f13a17b -> 
  custom:container-demuxer-webm: 4f35f7cbe854078d1ac9338744f61a02 -> 
  custom:container-demuxer-ogg: 62fdf1f143b41e24485cea50d1cbac27 -> 
  custom:video-encoder-webm-vp8: eb34c28f22e8b96e1ab97ce403110664 -> 
  custom:video-decoder-webm-vp8: 9c59270c3fd7afecdb556c50c9e8de78 -> 
  custom:audio-decoder-ogg-vorbis: bf7c407c2cedff20999df2af8eb42d56 -> 
  custom:audio-encoder-webm-vorbis: bf7c407c2cedff20999df2af8eb42d56 -> 
========================================================================
Received Prepare
Registering precompiled user dll's ...
Registered in 0.004123 seconds.
Begin MonoManager ReloadAssembly
Native extension for WindowsStandalone target not found
Refreshing native plugins compatible for Editor in 0.48 ms, found 2 plugins.
Preloading 0 native plugins for Editor in 0.00 ms.
Mono: successfully reloaded assembly
- Completed reload, in  0.961 seconds
Domain Reload Profiling:
	ReloadAssembly (961ms)
		BeginReloadAssembly (104ms)
			ExecutionOrderSort (0ms)
			DisableScriptedObjects (5ms)
			BackupInstance (0ms)
			ReleaseScriptingObjects (0ms)
			CreateAndSetChildDomain (33ms)
		EndReloadAssembly (801ms)
			LoadAssemblies (83ms)
			RebuildTransferFunctionScriptingTraits (0ms)
			SetupTypeCache (255ms)
			ReleaseScriptCaches (1ms)
			RebuildScriptCaches (33ms)
			SetupLoadedEditorAssemblies (321ms)
				LogAssemblyErrors (0ms)
				InitializePlatformSupportModulesInManaged (3ms)
				SetLoadedEditorAssemblies (0ms)
				RefreshPlugins (1ms)
				BeforeProcessingInitializeOnLoad (72ms)
				ProcessInitializeOnLoadAttributes (235ms)
				ProcessInitializeOnLoadMethodAttributes (3ms)
				AfterProcessingInitializeOnLoad (6ms)
				EditorAssembliesLoaded (0ms)
			ExecutionOrderSort2 (0ms)
			AwakeInstancesAfterBackupRestoration (13ms)
Platform modules already initialized, skipping
Refreshing native plugins compatible for Editor in 0.46 ms, found 2 plugins.
Preloading 0 native plugins for Editor in 0.00 ms.
Unloading 2606 Unused Serialized files (Serialized files now loaded: 0)
System memory in use before: 121.5 MB.
System memory in use after: 121.7 MB.

Unloading 14 unused Assets to reduce memory usage. Loaded Objects now: 3198.
Total: 2.850900 ms (FindLiveObjects: 0.214600 ms CreateObjectMapping: 0.089500 ms MarkObjects: 2.530500 ms  DeleteObjects: 0.015200 ms)

AssetImportParameters requested are different than current active one (requested -> active):
  custom:framework-win-MediaFoundation: 216162199b28c13a410421893ffa2e32 -> 
  custom:video-decoder-ogg-theora: a1e56fd34408186e4bbccfd4996cb3dc -> 
  custom:container-muxer-webm: aa71ff27fc2769a1b78a27578f13a17b -> 
  custom:container-demuxer-webm: 4f35f7cbe854078d1ac9338744f61a02 -> 
  custom:container-demuxer-ogg: 62fdf1f143b41e24485cea50d1cbac27 -> 
  custom:video-encoder-webm-vp8: eb34c28f22e8b96e1ab97ce403110664 -> 
  custom:video-decoder-webm-vp8: 9c59270c3fd7afecdb556c50c9e8de78 -> 
  custom:audio-decoder-ogg-vorbis: bf7c407c2cedff20999df2af8eb42d56 -> 
  custom:audio-encoder-webm-vorbis: bf7c407c2cedff20999df2af8eb42d56 -> 
========================================================================
Received Prepare
Registering precompiled user dll's ...
Registered in 0.003302 seconds.
Begin MonoManager ReloadAssembly
Native extension for WindowsStandalone target not found
Refreshing native plugins compatible for Editor in 0.44 ms, found 2 plugins.
Preloading 0 native plugins for Editor in 0.00 ms.
Mono: successfully reloaded assembly
- Completed reload, in  0.911 seconds
Domain Reload Profiling:
	ReloadAssembly (911ms)
		BeginReloadAssembly (101ms)
			ExecutionOrderSort (0ms)
			DisableScriptedObjects (4ms)
			BackupInstance (0ms)
			ReleaseScriptingObjects (0ms)
			CreateAndSetChildDomain (29ms)
		EndReloadAssembly (759ms)
			LoadAssemblies (71ms)
			RebuildTransferFunctionScriptingTraits (0ms)
			SetupTypeCache (239ms)
			ReleaseScriptCaches (1ms)
			RebuildScriptCaches (34ms)
			SetupLoadedEditorAssemblies (302ms)
				LogAssemblyErrors (0ms)
				InitializePlatformSupportModulesInManaged (3ms)
				SetLoadedEditorAssemblies (0ms)
				RefreshPlugins (0ms)
				BeforeProcessingInitializeOnLoad (69ms)
				ProcessInitializeOnLoadAttributes (219ms)
				ProcessInitializeOnLoadMethodAttributes (3ms)
				AfterProcessingInitializeOnLoad (6ms)
				EditorAssembliesLoaded (0ms)
			ExecutionOrderSort2 (0ms)
			AwakeInstancesAfterBackupRestoration (13ms)
Platform modules already initialized, skipping
Refreshing native plugins compatible for Editor in 0.45 ms, found 2 plugins.
Preloading 0 native plugins for Editor in 0.00 ms.
Unloading 2606 Unused Serialized files (Serialized files now loaded: 0)
System memory in use before: 121.5 MB.
System memory in use after: 121.7 MB.

Unloading 14 unused Assets to reduce memory usage. Loaded Objects now: 3200.
Total: 2.743100 ms (FindLiveObjects: 0.197300 ms CreateObjectMapping: 0.078600 ms MarkObjects: 2.451000 ms  DeleteObjects: 0.015600 ms)

AssetImportParameters requested are different than current active one (requested -> active):
  custom:framework-win-MediaFoundation: 216162199b28c13a410421893ffa2e32 -> 
  custom:video-decoder-ogg-theora: a1e56fd34408186e4bbccfd4996cb3dc -> 
  custom:container-muxer-webm: aa71ff27fc2769a1b78a27578f13a17b -> 
  custom:container-demuxer-webm: 4f35f7cbe854078d1ac9338744f61a02 -> 
  custom:container-demuxer-ogg: 62fdf1f143b41e24485cea50d1cbac27 -> 
  custom:video-encoder-webm-vp8: eb34c28f22e8b96e1ab97ce403110664 -> 
  custom:video-decoder-webm-vp8: 9c59270c3fd7afecdb556c50c9e8de78 -> 
  custom:audio-decoder-ogg-vorbis: bf7c407c2cedff20999df2af8eb42d56 -> 
  custom:audio-encoder-webm-vorbis: bf7c407c2cedff20999df2af8eb42d56 -> 
========================================================================
Received Prepare
Registering precompiled user dll's ...
Registered in 0.003417 seconds.
Begin MonoManager ReloadAssembly
Native extension for WindowsStandalone target not found
Refreshing native plugins compatible for Editor in 0.44 ms, found 2 plugins.
Preloading 0 native plugins for Editor in 0.00 ms.
Mono: successfully reloaded assembly
- Completed reload, in  0.909 seconds
Domain Reload Profiling:
	ReloadAssembly (909ms)
		BeginReloadAssembly (90ms)
			ExecutionOrderSort (0ms)
			DisableScriptedObjects (4ms)
			BackupInstance (0ms)
			ReleaseScriptingObjects (0ms)
			CreateAndSetChildDomain (29ms)
		EndReloadAssembly (768ms)
			LoadAssemblies (71ms)
			RebuildTransferFunctionScriptingTraits (0ms)
			SetupTypeCache (233ms)
			ReleaseScriptCaches (1ms)
			RebuildScriptCaches (33ms)
			SetupLoadedEditorAssemblies (316ms)
				LogAssemblyErrors (0ms)
				InitializePlatformSupportModulesInManaged (4ms)
				SetLoadedEditorAssemblies (0ms)
				RefreshPlugins (0ms)
				BeforeProcessingInitializeOnLoad (71ms)
				ProcessInitializeOnLoadAttributes (231ms)
				ProcessInitializeOnLoadMethodAttributes (3ms)
				AfterProcessingInitializeOnLoad (6ms)
				EditorAssembliesLoaded (0ms)
			ExecutionOrderSort2 (0ms)
			AwakeInstancesAfterBackupRestoration (13ms)
Platform modules already initialized, skipping
Refreshing native plugins compatible for Editor in 0.47 ms, found 2 plugins.
Preloading 0 native plugins for Editor in 0.00 ms.
Unloading 2606 Unused Serialized files (Serialized files now loaded: 0)
System memory in use before: 121.5 MB.
System memory in use after: 121.7 MB.

Unloading 14 unused Assets to reduce memory usage. Loaded Objects now: 3202.
Total: 2.880200 ms (FindLiveObjects: 0.262900 ms CreateObjectMapping: 0.113100 ms MarkObjects: 2.486400 ms  DeleteObjects: 0.017100 ms)

AssetImportParameters requested are different than current active one (requested -> active):
  custom:framework-win-MediaFoundation: 216162199b28c13a410421893ffa2e32 -> 
  custom:video-decoder-ogg-theora: a1e56fd34408186e4bbccfd4996cb3dc -> 
  custom:container-muxer-webm: aa71ff27fc2769a1b78a27578f13a17b -> 
  custom:container-demuxer-webm: 4f35f7cbe854078d1ac9338744f61a02 -> 
  custom:container-demuxer-ogg: 62fdf1f143b41e24485cea50d1cbac27 -> 
  custom:video-encoder-webm-vp8: eb34c28f22e8b96e1ab97ce403110664 -> 
  custom:video-decoder-webm-vp8: 9c59270c3fd7afecdb556c50c9e8de78 -> 
  custom:audio-decoder-ogg-vorbis: bf7c407c2cedff20999df2af8eb42d56 -> 
  custom:audio-encoder-webm-vorbis: bf7c407c2cedff20999df2af8eb42d56 -> 
========================================================================
Received Prepare
Registering precompiled user dll's ...
Registered in 0.003277 seconds.
Begin MonoManager ReloadAssembly
Native extension for WindowsStandalone target not found
Refreshing native plugins compatible for Editor in 0.45 ms, found 2 plugins.
Preloading 0 native plugins for Editor in 0.00 ms.
Mono: successfully reloaded assembly
- Completed reload, in  0.891 seconds
Domain Reload Profiling:
	ReloadAssembly (892ms)
		BeginReloadAssembly (96ms)
			ExecutionOrderSort (0ms)
			DisableScriptedObjects (4ms)
			BackupInstance (0ms)
			ReleaseScriptingObjects (0ms)
			CreateAndSetChildDomain (27ms)
		EndReloadAssembly (744ms)
			LoadAssemblies (71ms)
			RebuildTransferFunctionScriptingTraits (0ms)
			SetupTypeCache (231ms)
			ReleaseScriptCaches (1ms)
			RebuildScriptCaches (33ms)
			SetupLoadedEditorAssemblies (301ms)
				LogAssemblyErrors (0ms)
				InitializePlatformSupportModulesInManaged (3ms)
				SetLoadedEditorAssemblies (0ms)
				RefreshPlugins (0ms)
				BeforeProcessingInitializeOnLoad (67ms)
				ProcessInitializeOnLoadAttributes (220ms)
				ProcessInitializeOnLoadMethodAttributes (3ms)
				AfterProcessingInitializeOnLoad (6ms)
				EditorAssembliesLoaded (0ms)
			ExecutionOrderSort2 (0ms)
			AwakeInstancesAfterBackupRestoration (12ms)
Platform modules already initialized, skipping
Refreshing native plugins compatible for Editor in 0.44 ms, found 2 plugins.
Preloading 0 native plugins for Editor in 0.00 ms.
Unloading 2606 Unused Serialized files (Serialized files now loaded: 0)
System memory in use before: 121.5 MB.
System memory in use after: 121.7 MB.

Unloading 14 unused Assets to reduce memory usage. Loaded Objects now: 3204.
Total: 2.633100 ms (FindLiveObjects: 0.205800 ms CreateObjectMapping: 0.084400 ms MarkObjects: 2.327600 ms  DeleteObjects: 0.014500 ms)

AssetImportParameters requested are different than current active one (requested -> active):
  custom:framework-win-MediaFoundation: 216162199b28c13a410421893ffa2e32 -> 
  custom:video-decoder-ogg-theora: a1e56fd34408186e4bbccfd4996cb3dc -> 
  custom:container-muxer-webm: aa71ff27fc2769a1b78a27578f13a17b -> 
  custom:container-demuxer-webm: 4f35f7cbe854078d1ac9338744f61a02 -> 
  custom:container-demuxer-ogg: 62fdf1f143b41e24485cea50d1cbac27 -> 
  custom:video-encoder-webm-vp8: eb34c28f22e8b96e1ab97ce403110664 -> 
  custom:video-decoder-webm-vp8: 9c59270c3fd7afecdb556c50c9e8de78 -> 
  custom:audio-decoder-ogg-vorbis: bf7c407c2cedff20999df2af8eb42d56 -> 
  custom:audio-encoder-webm-vorbis: bf7c407c2cedff20999df2af8eb42d56 -> 
========================================================================
Received Prepare
Registering precompiled user dll's ...
Registered in 0.003465 seconds.
Begin MonoManager ReloadAssembly
Native extension for WindowsStandalone target not found
Refreshing native plugins compatible for Editor in 0.44 ms, found 2 plugins.
Preloading 0 native plugins for Editor in 0.00 ms.
Mono: successfully reloaded assembly
- Completed reload, in  0.895 seconds
Domain Reload Profiling:
	ReloadAssembly (896ms)
		BeginReloadAssembly (92ms)
			ExecutionOrderSort (0ms)
			DisableScriptedObjects (4ms)
			BackupInstance (0ms)
			ReleaseScriptingObjects (0ms)
			CreateAndSetChildDomain (28ms)
		EndReloadAssembly (750ms)
			LoadAssemblies (72ms)
			RebuildTransferFunctionScriptingTraits (0ms)
			SetupTypeCache (233ms)
			ReleaseScriptCaches (1ms)
			RebuildScriptCaches (33ms)
			SetupLoadedEditorAssemblies (302ms)
				LogAssemblyErrors (0ms)
				InitializePlatformSupportModulesInManaged (3ms)
				SetLoadedEditorAssemblies (0ms)
				RefreshPlugins (0ms)
				BeforeProcessingInitializeOnLoad (67ms)
				ProcessInitializeOnLoadAttributes (223ms)
				ProcessInitializeOnLoadMethodAttributes (3ms)
				AfterProcessingInitializeOnLoad (6ms)
				EditorAssembliesLoaded (0ms)
			ExecutionOrderSort2 (0ms)
			AwakeInstancesAfterBackupRestoration (12ms)
Platform modules already initialized, skipping
Refreshing native plugins compatible for Editor in 0.44 ms, found 2 plugins.
Preloading 0 native plugins for Editor in 0.00 ms.
Unloading 2606 Unused Serialized files (Serialized files now loaded: 0)
System memory in use before: 121.5 MB.
System memory in use after: 121.7 MB.

Unloading 14 unused Assets to reduce memory usage. Loaded Objects now: 3206.
Total: 3.666600 ms (FindLiveObjects: 0.243200 ms CreateObjectMapping: 0.103400 ms MarkObjects: 3.297900 ms  DeleteObjects: 0.021000 ms)

AssetImportParameters requested are different than current active one (requested -> active):
  custom:framework-win-MediaFoundation: 216162199b28c13a410421893ffa2e32 -> 
  custom:video-decoder-ogg-theora: a1e56fd34408186e4bbccfd4996cb3dc -> 
  custom:container-muxer-webm: aa71ff27fc2769a1b78a27578f13a17b -> 
  custom:container-demuxer-webm: 4f35f7cbe854078d1ac9338744f61a02 -> 
  custom:container-demuxer-ogg: 62fdf1f143b41e24485cea50d1cbac27 -> 
  custom:video-encoder-webm-vp8: eb34c28f22e8b96e1ab97ce403110664 -> 
  custom:video-decoder-webm-vp8: 9c59270c3fd7afecdb556c50c9e8de78 -> 
  custom:audio-decoder-ogg-vorbis: bf7c407c2cedff20999df2af8eb42d56 -> 
  custom:audio-encoder-webm-vorbis: bf7c407c2cedff20999df2af8eb42d56 -> 
========================================================================
Received Prepare
Registering precompiled user dll's ...
Registered in 0.003413 seconds.
Begin MonoManager ReloadAssembly
Native extension for WindowsStandalone target not found
Refreshing native plugins compatible for Editor in 0.46 ms, found 2 plugins.
Preloading 0 native plugins for Editor in 0.00 ms.
Mono: successfully reloaded assembly
- Completed reload, in  0.944 seconds
Domain Reload Profiling:
	ReloadAssembly (944ms)
		BeginReloadAssembly (94ms)
			ExecutionOrderSort (0ms)
			DisableScriptedObjects (4ms)
			BackupInstance (0ms)
			ReleaseScriptingObjects (0ms)
			CreateAndSetChildDomain (28ms)
		EndReloadAssembly (799ms)
			LoadAssemblies (69ms)
			RebuildTransferFunctionScriptingTraits (0ms)
			SetupTypeCache (237ms)
			ReleaseScriptCaches (1ms)
			RebuildScriptCaches (33ms)
			SetupLoadedEditorAssemblies (335ms)
				LogAssemblyErrors (0ms)
				InitializePlatformSupportModulesInManaged (4ms)
				SetLoadedEditorAssemblies (0ms)
				RefreshPlugins (1ms)
				BeforeProcessingInitializeOnLoad (74ms)
				ProcessInitializeOnLoadAttributes (247ms)
				ProcessInitializeOnLoadMethodAttributes (3ms)
				AfterProcessingInitializeOnLoad (6ms)
				EditorAssembliesLoaded (0ms)
			ExecutionOrderSort2 (0ms)
			AwakeInstancesAfterBackupRestoration (13ms)
Platform modules already initialized, skipping
Refreshing native plugins compatible for Editor in 0.45 ms, found 2 plugins.
Preloading 0 native plugins for Editor in 0.00 ms.
Unloading 2606 Unused Serialized files (Serialized files now loaded: 0)
System memory in use before: 121.5 MB.
System memory in use after: 121.8 MB.

Unloading 14 unused Assets to reduce memory usage. Loaded Objects now: 3208.
Total: 2.896300 ms (FindLiveObjects: 0.212900 ms CreateObjectMapping: 0.092100 ms MarkObjects: 2.575500 ms  DeleteObjects: 0.015000 ms)

AssetImportParameters requested are different than current active one (requested -> active):
  custom:framework-win-MediaFoundation: 216162199b28c13a410421893ffa2e32 -> 
  custom:video-decoder-ogg-theora: a1e56fd34408186e4bbccfd4996cb3dc -> 
  custom:container-muxer-webm: aa71ff27fc2769a1b78a27578f13a17b -> 
  custom:container-demuxer-webm: 4f35f7cbe854078d1ac9338744f61a02 -> 
  custom:container-demuxer-ogg: 62fdf1f143b41e24485cea50d1cbac27 -> 
  custom:video-encoder-webm-vp8: eb34c28f22e8b96e1ab97ce403110664 -> 
  custom:video-decoder-webm-vp8: 9c59270c3fd7afecdb556c50c9e8de78 -> 
  custom:audio-decoder-ogg-vorbis: bf7c407c2cedff20999df2af8eb42d56 -> 
  custom:audio-encoder-webm-vorbis: bf7c407c2cedff20999df2af8eb42d56 -> 
========================================================================
Received Import Request.
  Time since last request: 2502.095054 seconds.
  path: Assets/Scripts/Turret1Bullet.cs
  artifactKey: Guid(a5f06b1083f256945a6ae850d4536364) Importer(815301076,1909f56bfc062723c751e8b465ee728b)
Start importing Assets/Scripts/Turret1Bullet.cs using Guid(a5f06b1083f256945a6ae850d4536364) Importer(815301076,1909f56bfc062723c751e8b465ee728b)  -> (artifact id: '30d56c63b4c2b58d9d2b59feb4ad1f86') in 0.007387 seconds 
  Import took 0.011548 seconds .

========================================================================
Received Import Request.
  Time since last request: 0.003298 seconds.
  path: Assets/Scripts/Turret1Bullet.cs
  artifactKey: Guid(a5f06b1083f256945a6ae850d4536364) Importer(815301076,1909f56bfc062723c751e8b465ee728b)
Start importing Assets/Scripts/Turret1Bullet.cs using Guid(a5f06b1083f256945a6ae850d4536364) Importer(815301076,1909f56bfc062723c751e8b465ee728b)  -> (artifact id: '30d56c63b4c2b58d9d2b59feb4ad1f86') in 0.002245 seconds 
  Import took 0.005893 seconds .

========================================================================
Received Prepare
Registering precompiled user dll's ...
Registered in 0.003709 seconds.
Begin MonoManager ReloadAssembly
Native extension for WindowsStandalone target not found
Refreshing native plugins compatible for Editor in 0.51 ms, found 2 plugins.
Preloading 0 native plugins for Editor in 0.00 ms.
Mono: successfully reloaded assembly
- Completed reload, in  0.980 seconds
Domain Reload Profiling:
	ReloadAssembly (980ms)
		BeginReloadAssembly (105ms)
			ExecutionOrderSort (0ms)
			DisableScriptedObjects (4ms)
			BackupInstance (0ms)
			ReleaseScriptingObjects (0ms)
			CreateAndSetChildDomain (31ms)
		EndReloadAssembly (823ms)
			LoadAssemblies (77ms)
			RebuildTransferFunctionScriptingTraits (0ms)
			SetupTypeCache (255ms)
			ReleaseScriptCaches (1ms)
			RebuildScriptCaches (50ms)
			SetupLoadedEditorAssemblies (325ms)
				LogAssemblyErrors (0ms)
				InitializePlatformSupportModulesInManaged (5ms)
				SetLoadedEditorAssemblies (0ms)
				RefreshPlugins (1ms)
				BeforeProcessingInitializeOnLoad (72ms)
				ProcessInitializeOnLoadAttributes (238ms)
				ProcessInitializeOnLoadMethodAttributes (3ms)
				AfterProcessingInitializeOnLoad (6ms)
				EditorAssembliesLoaded (0ms)
			ExecutionOrderSort2 (0ms)
			AwakeInstancesAfterBackupRestoration (12ms)
Platform modules already initialized, skipping
Refreshing native plugins compatible for Editor in 0.46 ms, found 2 plugins.
Preloading 0 native plugins for Editor in 0.00 ms.
Unloading 2607 Unused Serialized files (Serialized files now loaded: 0)
System memory in use before: 121.6 MB.
System memory in use after: 121.9 MB.

Unloading 14 unused Assets to reduce memory usage. Loaded Objects now: 3211.
Total: 3.235600 ms (FindLiveObjects: 0.247600 ms CreateObjectMapping: 0.097900 ms MarkObjects: 2.868200 ms  DeleteObjects: 0.020800 ms)

AssetImportParameters requested are different than current active one (requested -> active):
  custom:framework-win-MediaFoundation: 216162199b28c13a410421893ffa2e32 -> 
  custom:video-decoder-ogg-theora: a1e56fd34408186e4bbccfd4996cb3dc -> 
  custom:container-muxer-webm: aa71ff27fc2769a1b78a27578f13a17b -> 
  custom:container-demuxer-webm: 4f35f7cbe854078d1ac9338744f61a02 -> 
  custom:container-demuxer-ogg: 62fdf1f143b41e24485cea50d1cbac27 -> 
  custom:video-encoder-webm-vp8: eb34c28f22e8b96e1ab97ce403110664 -> 
  custom:video-decoder-webm-vp8: 9c59270c3fd7afecdb556c50c9e8de78 -> 
  custom:audio-decoder-ogg-vorbis: bf7c407c2cedff20999df2af8eb42d56 -> 
  custom:audio-encoder-webm-vorbis: bf7c407c2cedff20999df2af8eb42d56 -> 
========================================================================
Received Import Request.
  Time since last request: 11.624309 seconds.
  path: Assets/Scripts/Turret1Bullet.cs
  artifactKey: Guid(a5f06b1083f256945a6ae850d4536364) Importer(815301076,1909f56bfc062723c751e8b465ee728b)
Start importing Assets/Scripts/Turret1Bullet.cs using Guid(a5f06b1083f256945a6ae850d4536364) Importer(815301076,1909f56bfc062723c751e8b465ee728b)  -> (artifact id: '9aece4c24d98f3f1b4240e88f998f8af') in 0.005388 seconds 
  Import took 0.009136 seconds .

========================================================================
Received Import Request.
  Time since last request: 3.873357 seconds.
  path: Assets/Scripts/Turret1Bullet.cs
  artifactKey: Guid(a5f06b1083f256945a6ae850d4536364) Importer(815301076,1909f56bfc062723c751e8b465ee728b)
Start importing Assets/Scripts/Turret1Bullet.cs using Guid(a5f06b1083f256945a6ae850d4536364) Importer(815301076,1909f56bfc062723c751e8b465ee728b)  -> (artifact id: '694cd60fea5d07d653024e86b4d0110d') in 0.001887 seconds 
  Import took 0.005365 seconds .

========================================================================
Received Import Request.
  Time since last request: 3.707432 seconds.
  path: Assets/Scripts/Turret1Bullet.cs
  artifactKey: Guid(a5f06b1083f256945a6ae850d4536364) Importer(815301076,1909f56bfc062723c751e8b465ee728b)
Start importing Assets/Scripts/Turret1Bullet.cs using Guid(a5f06b1083f256945a6ae850d4536364) Importer(815301076,1909f56bfc062723c751e8b465ee728b)  -> (artifact id: '3f3a1868596fd7ff011eea4adb2947a9') in 0.002118 seconds 
  Import took 0.006261 seconds .

========================================================================
Received Prepare
Registering precompiled user dll's ...
Registered in 0.003572 seconds.
Begin MonoManager ReloadAssembly
Native extension for WindowsStandalone target not found
Refreshing native plugins compatible for Editor in 0.45 ms, found 2 plugins.
Preloading 0 native plugins for Editor in 0.00 ms.
Mono: successfully reloaded assembly
- Completed reload, in  0.922 seconds
Domain Reload Profiling:
	ReloadAssembly (922ms)
		BeginReloadAssembly (89ms)
			ExecutionOrderSort (0ms)
			DisableScriptedObjects (4ms)
			BackupInstance (0ms)
			ReleaseScriptingObjects (0ms)
			CreateAndSetChildDomain (27ms)
		EndReloadAssembly (779ms)
			LoadAssemblies (72ms)
			RebuildTransferFunctionScriptingTraits (0ms)
			SetupTypeCache (235ms)
			ReleaseScriptCaches (1ms)
			RebuildScriptCaches (34ms)
			SetupLoadedEditorAssemblies (324ms)
				LogAssemblyErrors (0ms)
				InitializePlatformSupportModulesInManaged (3ms)
				SetLoadedEditorAssemblies (0ms)
				RefreshPlugins (0ms)
				BeforeProcessingInitializeOnLoad (71ms)
				ProcessInitializeOnLoadAttributes (239ms)
				ProcessInitializeOnLoadMethodAttributes (4ms)
				AfterProcessingInitializeOnLoad (6ms)
				EditorAssembliesLoaded (0ms)
			ExecutionOrderSort2 (0ms)
			AwakeInstancesAfterBackupRestoration (13ms)
Platform modules already initialized, skipping
Refreshing native plugins compatible for Editor in 0.45 ms, found 2 plugins.
Preloading 0 native plugins for Editor in 0.00 ms.
Unloading 2607 Unused Serialized files (Serialized files now loaded: 0)
System memory in use before: 121.7 MB.
System memory in use after: 121.9 MB.

Unloading 14 unused Assets to reduce memory usage. Loaded Objects now: 3213.
Total: 2.767700 ms (FindLiveObjects: 0.237700 ms CreateObjectMapping: 0.110600 ms MarkObjects: 2.403400 ms  DeleteObjects: 0.015100 ms)

AssetImportParameters requested are different than current active one (requested -> active):
  custom:framework-win-MediaFoundation: 216162199b28c13a410421893ffa2e32 -> 
  custom:video-decoder-ogg-theora: a1e56fd34408186e4bbccfd4996cb3dc -> 
  custom:container-muxer-webm: aa71ff27fc2769a1b78a27578f13a17b -> 
  custom:container-demuxer-webm: 4f35f7cbe854078d1ac9338744f61a02 -> 
  custom:container-demuxer-ogg: 62fdf1f143b41e24485cea50d1cbac27 -> 
  custom:video-encoder-webm-vp8: eb34c28f22e8b96e1ab97ce403110664 -> 
  custom:video-decoder-webm-vp8: 9c59270c3fd7afecdb556c50c9e8de78 -> 
  custom:audio-decoder-ogg-vorbis: bf7c407c2cedff20999df2af8eb42d56 -> 
  custom:audio-encoder-webm-vorbis: bf7c407c2cedff20999df2af8eb42d56 -> 
========================================================================
Received Import Request.
  Time since last request: 7.140558 seconds.
  path: Assets/Scripts/Turret1Bullet.cs
  artifactKey: Guid(a5f06b1083f256945a6ae850d4536364) Importer(815301076,1909f56bfc062723c751e8b465ee728b)
Start importing Assets/Scripts/Turret1Bullet.cs using Guid(a5f06b1083f256945a6ae850d4536364) Importer(815301076,1909f56bfc062723c751e8b465ee728b)  -> (artifact id: 'a1b2f1fae7ce6b0097f4032f58eaf20a') in 0.005299 seconds 
  Import took 0.008835 seconds .

========================================================================
Received Prepare
Registering precompiled user dll's ...
Registered in 0.003499 seconds.
Begin MonoManager ReloadAssembly
Native extension for WindowsStandalone target not found
Refreshing native plugins compatible for Editor in 0.45 ms, found 2 plugins.
Preloading 0 native plugins for Editor in 0.00 ms.
